######################## Seed 0 ########################
JCC Vs. ICC  (Avg) 0.604  (Max) 0.557  (Quan) 0.523
JCC Vs. SAA  (Avg) 1.000  (Max) 1.000  (Quan) 1.000
JCC Vs. Hult  (Avg) 0.582  (Max) 0.581  (Quan) 0.558
ICC Vs. SAA  (Avg) 0.397  (Max) 0.462  (Quan) 0.478
ICC Vs. Hult (Avg) 0.379  (Max) 0.929  (Quan) 0.667
SAA Vs. Hult  (Avg) 0.582  (Max) 0.581  (Quan) 0.558
Avg 1063.458 1106.701 1063.458 1097.142
Max 2677.452 2730.652 2677.452 2765.693
Qua 1873.391 1890.076 1873.391 1920.463
######################## Seed 1 ########################
JCC Vs. ICC  (Avg) 0.241  (Max) 0.479  (Quan) 0.341
JCC Vs. SAA  (Avg) 0.718  (Max) 0.966  (Quan) 0.750
JCC Vs. Hult  (Avg) 0.310  (Max) 0.441  (Quan) 0.350
ICC Vs. SAA  (Avg) 0.784  (Max) 0.550  (Quan) 0.693
ICC Vs. Hult (Avg) 0.849  (Max) 0.682  (Quan) 0.563
SAA Vs. Hult  (Avg) 0.278  (Max) 0.418  (Quan) 0.319
Avg 1176.138 1050.821 1191.995 1086.987
Max 2790.299 2765.319 2812.689 2718.740
Qua 1990.241 1846.685 2021.095 1855.307
######################## Seed 2 ########################
JCC Vs. ICC  (Avg) 0.799  (Max) 0.598  (Quan) 0.611
JCC Vs. SAA  (Avg) 1.000  (Max) 1.000  (Quan) 1.000
JCC Vs. Hult  (Avg) 0.896  (Max) 0.639  (Quan) 0.746
ICC Vs. SAA  (Avg) 0.201  (Max) 0.427  (Quan) 0.390
ICC Vs. Hult (Avg) 0.974  (Max) 1.000  (Quan) 0.984
SAA Vs. Hult  (Avg) 0.896  (Max) 0.639  (Quan) 0.746
Avg 974.517 1079.033 974.517 1143.453
Max 2652.064 2765.798 2652.064 2823.892
Qua 1698.213 1764.225 1698.213 1859.225
######################## Seed 3 ########################
JCC Vs. ICC  (Avg) 0.607  (Max) 0.569  (Quan) 0.650
JCC Vs. SAA  (Avg) 0.427  (Max) 0.501  (Quan) 0.520
JCC Vs. Hult  (Avg) 0.502  (Max) 0.546  (Quan) 0.594
ICC Vs. SAA  (Avg) 0.334  (Max) 0.458  (Quan) 0.369
ICC Vs. Hult (Avg) 0.043  (Max) 0.866  (Quan) 0.213
SAA Vs. Hult  (Avg) 0.577  (Max) 0.526  (Quan) 0.581
Avg 1023.278 1064.707 997.347 1025.382
Max 2669.970 2735.270 2673.523 2715.211
Qua 1750.128 1877.263 1762.448 1832.388
######################## Seed 4 ########################
JCC Vs. ICC  (Avg) 0.919  (Max) 0.995  (Quan) 0.916
JCC Vs. SAA  (Avg) 0.606  (Max) 0.568  (Quan) 0.364
JCC Vs. Hult  (Avg) 0.497  (Max) 0.801  (Quan) 0.558
ICC Vs. SAA  (Avg) 0.401  (Max) 0.514  (Quan) 0.229
ICC Vs. Hult (Avg) 0.231  (Max) 0.540  (Quan) 0.184
SAA Vs. Hult  (Avg) 0.392  (Max) 0.440  (Quan) 0.652
Avg 1057.334 1134.032 1094.009 1056.577
Max 2720.249 2795.067 2813.739 2731.126
Qua 1918.113 2091.570 1796.811 1929.777
######################## Seed 5 ########################
JCC Vs. ICC  (Avg) 0.356  (Max) 0.490  (Quan) 0.421
JCC Vs. SAA  (Avg) 0.295  (Max) 0.425  (Quan) 0.326
JCC Vs. Hult  (Avg) 0.872  (Max) 0.625  (Quan) 0.714
ICC Vs. SAA  (Avg) 0.414  (Max) 0.657  (Quan) 0.378
ICC Vs. Hult (Avg) 0.907  (Max) 0.613  (Quan) 0.749
SAA Vs. Hult  (Avg) 0.925  (Max) 0.675  (Quan) 0.814
Avg 1076.252 1018.396 996.032 1283.203
Max 2745.965 2736.957 2654.692 2880.632
Qua 1914.531 1851.234 1772.132 2090.967
######################## Seed 6 ########################
JCC Vs. ICC  (Avg) 0.551  (Max) 0.474  (Quan) 0.382
JCC Vs. SAA  (Avg) 0.899  (Max) 0.876  (Quan) 0.887
JCC Vs. Hult  (Avg) 0.464  (Max) 0.462  (Quan) 0.347
ICC Vs. SAA  (Avg) 0.578  (Max) 0.597  (Quan) 0.695
ICC Vs. Hult (Avg) 0.057  (Max) 0.877  (Quan) 0.203
SAA Vs. Hult  (Avg) 0.347  (Max) 0.392  (Quan) 0.273
Avg 1138.101 1158.200 1191.031 1123.233
Max 2824.888 2791.893 2923.384 2774.833
Qua 2079.484 1954.284 2173.584 1916.076
######################## Seed 7 ########################
JCC Vs. ICC  (Avg) 0.275  (Max) 0.304  (Quan) 0.176
JCC Vs. SAA  (Avg) 0.647  (Max) 0.473  (Quan) 0.383
JCC Vs. Hult  (Avg) 0.450  (Max) 0.334  (Quan) 0.250
ICC Vs. SAA  (Avg) 0.847  (Max) 0.687  (Quan) 0.766
ICC Vs. Hult (Avg) 0.981  (Max) 0.973  (Quan) 0.945
SAA Vs. Hult  (Avg) 0.293  (Max) 0.365  (Quan) 0.334
Avg 1113.652 1017.120 1181.384 1092.977
Max 2948.749 2662.943 2914.228 2714.360
Qua 2124.282 1764.611 1999.442 1861.390
######################## Seed 8 ########################
JCC Vs. ICC  (Avg) 0.527  (Max) 0.523  (Quan) 0.539
JCC Vs. SAA  (Avg) 0.743  (Max) 0.580  (Quan) 0.653
JCC Vs. Hult  (Avg) 0.530  (Max) 0.505  (Quan) 0.532
ICC Vs. SAA  (Avg) 0.977  (Max) 0.819  (Quan) 0.865
ICC Vs. Hult (Avg) 0.507  (Max) 0.693  (Quan) 0.490
SAA Vs. Hult  (Avg) 0.023  (Max) 0.596  (Quan) 0.143
Avg 1067.203 1079.435 1183.848 1079.944
Max 2736.133 2769.812 2838.578 2748.156
Qua 1879.769 1918.701 2017.155 1910.488
######################## Seed 9 ########################
JCC Vs. ICC  (Avg) 0.750  (Max) 0.567  (Quan) 0.682
JCC Vs. SAA  (Avg) 0.627  (Max) 0.808  (Quan) 0.670
JCC Vs. Hult  (Avg) 0.682  (Max) 0.555  (Quan) 0.648
ICC Vs. SAA  (Avg) 0.344  (Max) 0.556  (Quan) 0.476
ICC Vs. Hult (Avg) 0.051  (Max) 0.881  (Quan) 0.286
SAA Vs. Hult  (Avg) 0.575  (Max) 0.431  (Quan) 0.486
Avg 974.814 1082.082 1018.055 1046.249
Max 2641.332 2707.597 2774.289 2691.120
Qua 1724.003 1884.600 1867.360 1851.312
######################## Seed 10 ########################
JCC Vs. ICC  (Avg) 0.971  (Max) 0.998  (Quan) 0.856
JCC Vs. SAA  (Avg) 1.000  (Max) 1.000  (Quan) 1.000
JCC Vs. Hult  (Avg) 1.000  (Max) 1.000  (Quan) 1.000
ICC Vs. SAA  (Avg) 0.029  (Max) 0.886  (Quan) 0.228
ICC Vs. Hult (Avg) 0.029  (Max) 0.886  (Quan) 0.228
SAA Vs. Hult  (Avg) 1.000  (Max) 1.000  (Quan) 1.000
Avg 998.960 1039.858 998.960 998.960
Max 2634.540 2651.029 2634.540 2634.540
Qua 1769.676 1808.803 1769.676 1769.676
######################## Seed 11 ########################
JCC Vs. ICC  (Avg) 0.818  (Max) 0.559  (Quan) 0.721
JCC Vs. SAA  (Avg) 0.896  (Max) 0.718  (Quan) 0.850
JCC Vs. Hult  (Avg) 0.792  (Max) 0.557  (Quan) 0.702
ICC Vs. SAA  (Avg) 0.670  (Max) 0.642  (Quan) 0.697
ICC Vs. Hult (Avg) 0.157  (Max) 0.940  (Quan) 0.409
SAA Vs. Hult  (Avg) 0.280  (Max) 0.356  (Quan) 0.287
Avg 935.973 1070.790 1142.366 1050.367
Max 2631.157 2704.522 2884.582 2700.772
Qua 1662.751 1835.642 2003.808 1819.591
######################## Seed 12 ########################
JCC Vs. ICC  (Avg) 0.991  (Max) 1.000  (Quan) 0.972
JCC Vs. SAA  (Avg) 0.407  (Max) 0.484  (Quan) 0.488
JCC Vs. Hult  (Avg) 0.980  (Max) 1.000  (Quan) 0.941
ICC Vs. SAA  (Avg) 0.258  (Max) 0.430  (Quan) 0.378
ICC Vs. Hult (Avg) 0.236  (Max) 0.731  (Quan) 0.333
SAA Vs. Hult  (Avg) 0.703  (Max) 0.531  (Quan) 0.578
Avg 1017.120 1080.675 985.183 1062.663
Max 2662.943 2732.731 2647.660 2683.218
Qua 1764.611 1855.472 1758.176 1818.493
######################## Seed 13 ########################
JCC Vs. ICC  (Avg) 0.908  (Max) 0.640  (Quan) 0.804
JCC Vs. SAA  (Avg) 0.782  (Max) 0.552  (Quan) 0.686
JCC Vs. Hult  (Avg) 0.857  (Max) 0.612  (Quan) 0.755
ICC Vs. SAA  (Avg) 0.253  (Max) 0.401  (Quan) 0.353
ICC Vs. Hult (Avg) 0.014  (Max) 0.807  (Quan) 0.123
SAA Vs. Hult  (Avg) 0.635  (Max) 0.590  (Quan) 0.580
Avg 957.889 1182.297 1072.207 1127.541
Max 2619.153 2793.179 2675.872 2754.493
Qua 1689.093 1957.755 1843.691 1901.731
######################## Seed 14 ########################
JCC Vs. ICC  (Avg) 0.874  (Max) 0.588  (Quan) 0.707
JCC Vs. SAA  (Avg) 0.731  (Max) 0.579  (Quan) 0.587
JCC Vs. Hult  (Avg) 0.874  (Max) 0.588  (Quan) 0.707
ICC Vs. SAA  (Avg) 0.285  (Max) 0.495  (Quan) 0.372
ICC Vs. Hult (Avg) 1.000  (Max) 1.000  (Quan) 1.000
SAA Vs. Hult  (Avg) 0.715  (Max) 0.505  (Quan) 0.628
Avg 953.847 1121.250 1037.941 1121.250
Max 2649.929 2759.865 2756.321 2759.865
Qua 1720.906 1883.402 1785.808 1883.402
######################## Seed 15 ########################
JCC Vs. ICC  (Avg) 0.989  (Max) 0.817  (Quan) 0.946
JCC Vs. SAA  (Avg) 0.988  (Max) 0.913  (Quan) 0.910
JCC Vs. Hult  (Avg) 0.993  (Max) 0.885  (Quan) 0.945
ICC Vs. SAA  (Avg) 0.032  (Max) 0.259  (Quan) 0.123
ICC Vs. Hult (Avg) 0.050  (Max) 0.289  (Quan) 0.154
SAA Vs. Hult  (Avg) 0.955  (Max) 0.919  (Quan) 0.753
Avg 1011.183 1520.639 1134.880 1193.034
Max 2666.434 3085.106 2771.981 2809.058
Qua 1803.203 2303.797 1942.302 1985.958
######################## Seed 16 ########################
JCC Vs. ICC  (Avg) 0.895  (Max) 0.666  (Quan) 0.642
JCC Vs. SAA  (Avg) 0.345  (Max) 0.475  (Quan) 0.306
JCC Vs. Hult  (Avg) 0.403  (Max) 0.556  (Quan) 0.448
ICC Vs. SAA  (Avg) 0.058  (Max) 0.317  (Quan) 0.173
ICC Vs. Hult (Avg) 0.082  (Max) 0.330  (Quan) 0.284
SAA Vs. Hult  (Avg) 0.582  (Max) 0.519  (Quan) 0.642
Avg 1130.229 1375.768 1067.711 1100.261
Max 2792.969 3007.160 2765.790 2790.318
Qua 2047.292 2167.164 1865.730 1983.180
######################## Seed 17 ########################
JCC Vs. ICC  (Avg) 0.996  (Max) 0.956  (Quan) 0.983
JCC Vs. SAA  (Avg) 0.763  (Max) 0.676  (Quan) 0.787
JCC Vs. Hult  (Avg) 0.955  (Max) 0.955  (Quan) 0.851
ICC Vs. SAA  (Avg) 0.305  (Max) 0.517  (Quan) 0.559
ICC Vs. Hult (Avg) 0.005  (Max) 0.416  (Quan) 0.027
SAA Vs. Hult  (Avg) 0.345  (Max) 0.347  (Quan) 0.260
Avg 1021.553 1249.397 1152.652 1078.192
Max 2659.749 2868.550 2891.025 2693.959
Qua 1776.464 2027.956 2089.828 1833.614
######################## Seed 18 ########################
JCC Vs. ICC  (Avg) 1.000  (Max) 1.000  (Quan) 1.000
JCC Vs. SAA  (Avg) 0.234  (Max) 0.451  (Quan) 0.390
JCC Vs. Hult  (Avg) 1.000  (Max) 1.000  (Quan) 1.000
ICC Vs. SAA  (Avg) 0.234  (Max) 0.451  (Quan) 0.390
ICC Vs. Hult (Avg) 1.000  (Max) 1.000  (Quan) 1.000
SAA Vs. Hult  (Avg) 0.766  (Max) 0.550  (Quan) 0.611
Avg 1121.250 1121.250 1008.151 1121.250
Max 2759.865 2759.865 2696.641 2759.865
Qua 1883.402 1883.402 1790.990 1883.402
######################## Seed 19 ########################
JCC Vs. ICC  (Avg) 1.000  (Max) 1.000  (Quan) 1.000
JCC Vs. SAA  (Avg) 1.000  (Max) 1.000  (Quan) 1.000
JCC Vs. Hult  (Avg) 0.985  (Max) 1.000  (Quan) 0.929
ICC Vs. SAA  (Avg) 1.000  (Max) 1.000  (Quan) 1.000
ICC Vs. Hult (Avg) 0.985  (Max) 1.000  (Quan) 0.929
SAA Vs. Hult  (Avg) 0.985  (Max) 1.000  (Quan) 0.929
Avg 974.814 974.814 974.814 1021.553
Max 2641.332 2641.332 2641.332 2659.749
Qua 1724.003 1724.003 1724.003 1776.464
######################## Seed 20 ########################
JCC Vs. ICC  (Avg) 0.775  (Max) 0.552  (Quan) 0.677
JCC Vs. SAA  (Avg) 0.593  (Max) 0.531  (Quan) 0.579
JCC Vs. Hult  (Avg) 0.755  (Max) 0.566  (Quan) 0.682
ICC Vs. SAA  (Avg) 0.020  (Max) 0.825  (Quan) 0.112
ICC Vs. Hult (Avg) 0.367  (Max) 0.903  (Quan) 0.527
SAA Vs. Hult  (Avg) 0.963  (Max) 0.956  (Quan) 0.895
Avg 944.467 1045.888 974.814 1037.332
Max 2613.792 2665.587 2641.332 2683.062
Qua 1661.187 1795.861 1724.003 1800.259
######################## Seed 21 ########################
JCC Vs. ICC  (Avg) 0.451  (Max) 0.528  (Quan) 0.802
JCC Vs. SAA  (Avg) 0.049  (Max) 0.886  (Quan) 0.079
JCC Vs. Hult  (Avg) 0.451  (Max) 0.528  (Quan) 0.802
ICC Vs. SAA  (Avg) 0.430  (Max) 0.462  (Quan) 0.159
ICC Vs. Hult (Avg) 1.000  (Max) 1.000  (Quan) 1.000
SAA Vs. Hult  (Avg) 0.570  (Max) 0.538  (Quan) 0.841
Avg 1118.366 1099.844 1072.533 1099.844
Max 2842.528 2885.110 2827.170 2885.110
Qua 1818.176 2141.420 1760.365 2141.420
######################## Seed 22 ########################
JCC Vs. ICC  (Avg) 0.044  (Max) 0.870  (Quan) 0.228
JCC Vs. SAA  (Avg) 0.044  (Max) 0.870  (Quan) 0.228
JCC Vs. Hult  (Avg) 0.044  (Max) 0.870  (Quan) 0.228
ICC Vs. SAA  (Avg) 1.000  (Max) 1.000  (Quan) 1.000
ICC Vs. Hult (Avg) 1.000  (Max) 1.000  (Quan) 1.000
SAA Vs. Hult  (Avg) 1.000  (Max) 1.000  (Quan) 1.000
Avg 1049.070 1009.672 1009.672 1009.672
Max 2709.089 2690.044 2690.044 2690.044
Qua 1858.173 1813.780 1813.780 1813.780
######################## Seed 23 ########################
JCC Vs. ICC  (Avg) 0.981  (Max) 0.963  (Quan) 0.926
JCC Vs. SAA  (Avg) 1.000  (Max) 1.000  (Quan) 1.000
JCC Vs. Hult  (Avg) 0.972  (Max) 0.915  (Quan) 0.875
ICC Vs. SAA  (Avg) 0.019  (Max) 0.732  (Quan) 0.096
ICC Vs. Hult (Avg) 0.326  (Max) 0.759  (Quan) 0.351
SAA Vs. Hult  (Avg) 0.972  (Max) 0.915  (Quan) 0.875
Avg 972.513 1052.081 972.513 1039.858
Max 2631.215 2679.800 2631.215 2651.029
Qua 1743.726 1838.255 1743.726 1808.803
######################## Seed 24 ########################
JCC Vs. ICC  (Avg) 0.475  (Max) 0.484  (Quan) 0.549
JCC Vs. SAA  (Avg) 0.788  (Max) 0.592  (Quan) 0.704
JCC Vs. Hult  (Avg) 0.532  (Max) 0.467  (Quan) 0.573
ICC Vs. SAA  (Avg) 0.786  (Max) 0.600  (Quan) 0.634
ICC Vs. Hult (Avg) 0.840  (Max) 0.756  (Quan) 0.660
SAA Vs. Hult  (Avg) 0.259  (Max) 0.386  (Quan) 0.389
Avg 1019.452 1009.672 1136.693 1031.879
Max 2699.754 2690.044 2820.695 2665.805
Qua 1768.840 1813.780 1930.771 1833.036
######################## Seed 25 ########################
JCC Vs. ICC  (Avg) 0.680  (Max) 0.572  (Quan) 0.596
JCC Vs. SAA  (Avg) 0.133  (Max) 0.910  (Quan) 0.299
JCC Vs. Hult  (Avg) 0.726  (Max) 0.576  (Quan) 0.610
ICC Vs. SAA  (Avg) 0.264  (Max) 0.436  (Quan) 0.368
ICC Vs. Hult (Avg) 0.882  (Max) 0.993  (Quan) 0.644
SAA Vs. Hult  (Avg) 0.776  (Max) 0.581  (Quan) 0.645
Avg 1040.476 1109.993 1017.120 1131.777
Max 2671.455 2745.669 2662.943 2748.306
Qua 1792.532 1860.368 1764.611 1869.670
######################## Seed 26 ########################
JCC Vs. ICC  (Avg) 0.763  (Max) 0.591  (Quan) 0.711
JCC Vs. SAA  (Avg) 0.566  (Max) 0.838  (Quan) 0.638
JCC Vs. Hult  (Avg) 0.797  (Max) 0.588  (Quan) 0.717
ICC Vs. SAA  (Avg) 0.279  (Max) 0.425  (Quan) 0.371
ICC Vs. Hult (Avg) 0.846  (Max) 0.904  (Quan) 0.502
SAA Vs. Hult  (Avg) 0.756  (Max) 0.574  (Quan) 0.634
Avg 957.889 1060.251 973.254 1080.377
Max 2619.153 2729.499 2635.907 2724.235
Qua 1689.093 1867.685 1756.514 1871.086
######################## Seed 27 ########################
JCC Vs. ICC  (Avg) 0.676  (Max) 0.666  (Quan) 0.830
JCC Vs. SAA  (Avg) 0.403  (Max) 0.575  (Quan) 0.810
JCC Vs. Hult  (Avg) 0.676  (Max) 0.666  (Quan) 0.830
ICC Vs. SAA  (Avg) 0.300  (Max) 0.499  (Quan) 0.622
ICC Vs. Hult (Avg) 1.000  (Max) 1.000  (Quan) 1.000
SAA Vs. Hult  (Avg) 0.700  (Max) 0.501  (Quan) 0.379
Avg 1160.769 1210.122 1121.275 1210.122
Max 2813.425 2924.299 2928.939 2924.299
Qua 1833.467 2059.054 2183.459 2059.054
######################## Seed 28 ########################
JCC Vs. ICC  (Avg) 0.889  (Max) 0.761  (Quan) 0.880
JCC Vs. SAA  (Avg) 0.545  (Max) 0.498  (Quan) 0.529
JCC Vs. Hult  (Avg) 0.890  (Max) 0.759  (Quan) 0.887
ICC Vs. SAA  (Avg) 0.126  (Max) 0.236  (Quan) 0.137
ICC Vs. Hult (Avg) 0.471  (Max) 0.954  (Quan) 0.634
SAA Vs. Hult  (Avg) 0.876  (Max) 0.768  (Quan) 0.872
Avg 981.377 1188.576 996.032 1187.289
Max 2655.533 3016.264 2654.692 3014.812
Qua 1748.197 2184.629 1772.132 2193.846
######################## Seed 29 ########################
JCC Vs. ICC  (Avg) 0.747  (Max) 0.599  (Quan) 0.594
JCC Vs. SAA  (Avg) 1.000  (Max) 1.000  (Quan) 1.000
JCC Vs. Hult  (Avg) 0.721  (Max) 0.595  (Quan) 0.570
ICC Vs. SAA  (Avg) 0.253  (Max) 0.427  (Quan) 0.406
ICC Vs. Hult (Avg) 0.229  (Max) 0.908  (Quan) 0.342
SAA Vs. Hult  (Avg) 0.721  (Max) 0.595  (Quan) 0.570
Avg 1031.879 1137.824 1031.879 1121.250
Max 2665.805 2759.039 2665.805 2759.865
Qua 1833.036 1905.228 1833.036 1883.402
######################## Seed 30 ########################
JCC Vs. ICC  (Avg) 0.905  (Max) 0.712  (Quan) 0.851
JCC Vs. SAA  (Avg) 0.286  (Max) 0.683  (Quan) 0.344
JCC Vs. Hult  (Avg) 0.867  (Max) 0.680  (Quan) 0.823
ICC Vs. SAA  (Avg) 0.059  (Max) 0.250  (Quan) 0.107
ICC Vs. Hult (Avg) 0.151  (Max) 0.650  (Quan) 0.345
SAA Vs. Hult  (Avg) 0.917  (Max) 0.726  (Quan) 0.875
Avg 990.827 1227.391 937.717 1179.911
Max 2667.438 2899.321 2594.502 2867.725
Qua 1762.555 2096.165 1666.477 2056.106
######################## Seed 31 ########################
JCC Vs. ICC  (Avg) 0.649  (Max) 0.491  (Quan) 0.468
JCC Vs. SAA  (Avg) 0.370  (Max) 0.487  (Quan) 0.330
JCC Vs. Hult  (Avg) 0.612  (Max) 0.490  (Quan) 0.447
ICC Vs. SAA  (Avg) 0.230  (Max) 0.388  (Quan) 0.338
ICC Vs. Hult (Avg) 0.196  (Max) 0.882  (Quan) 0.424
SAA Vs. Hult  (Avg) 0.739  (Max) 0.631  (Quan) 0.641
Avg 1102.413 1175.236 1046.249 1154.678
Max 2846.559 2828.382 2691.120 2836.297
Qua 2028.611 1994.528 1851.312 1975.183
######################## Seed 32 ########################
JCC Vs. ICC  (Avg) 0.456  (Max) 0.388  (Quan) 0.366
JCC Vs. SAA  (Avg) 0.340  (Max) 0.452  (Quan) 0.251
JCC Vs. Hult  (Avg) 0.529  (Max) 0.396  (Quan) 0.386
ICC Vs. SAA  (Avg) 0.458  (Max) 0.520  (Quan) 0.545
ICC Vs. Hult (Avg) 0.940  (Max) 0.980  (Quan) 0.704
SAA Vs. Hult  (Avg) 0.620  (Max) 0.491  (Quan) 0.481
Avg 1096.154 1076.313 1056.577 1108.653
Max 2857.630 2701.648 2731.126 2712.833
Qua 2036.413 1889.162 1929.777 1911.070
######################## Seed 33 ########################
JCC Vs. ICC  (Avg) 0.840  (Max) 0.756  (Quan) 0.660
JCC Vs. SAA  (Avg) 1.000  (Max) 1.000  (Quan) 1.000
JCC Vs. Hult  (Avg) 0.930  (Max) 0.658  (Quan) 0.795
ICC Vs. SAA  (Avg) 0.161  (Max) 0.920  (Quan) 0.416
ICC Vs. Hult (Avg) 0.900  (Max) 0.828  (Quan) 0.750
SAA Vs. Hult  (Avg) 0.930  (Max) 0.658  (Quan) 0.795
Avg 1009.672 1031.879 1009.672 1063.458
Max 2690.044 2665.805 2690.044 2677.452
Qua 1813.780 1833.036 1813.780 1873.391
######################## Seed 34 ########################
JCC Vs. ICC  (Avg) 0.635  (Max) 0.509  (Quan) 0.579
JCC Vs. SAA  (Avg) 0.648  (Max) 0.499  (Quan) 0.560
JCC Vs. Hult  (Avg) 0.635  (Max) 0.509  (Quan) 0.579
ICC Vs. SAA  (Avg) 0.521  (Max) 0.505  (Quan) 0.475
ICC Vs. Hult (Avg) 1.000  (Max) 1.000  (Quan) 1.000
SAA Vs. Hult  (Avg) 0.479  (Max) 0.527  (Quan) 0.526
Avg 980.691 1031.879 1039.858 1031.879
Max 2656.887 2665.805 2651.029 2665.805
Qua 1761.980 1833.036 1808.803 1833.036
######################## Seed 35 ########################
JCC Vs. ICC  (Avg) 0.572  (Max) 0.619  (Quan) 0.653
JCC Vs. SAA  (Avg) 0.621  (Max) 0.693  (Quan) 0.677
JCC Vs. Hult  (Avg) 0.508  (Max) 0.579  (Quan) 0.647
ICC Vs. SAA  (Avg) 0.519  (Max) 0.420  (Quan) 0.477
ICC Vs. Hult (Avg) 0.437  (Max) 0.593  (Quan) 0.497
SAA Vs. Hult  (Avg) 0.417  (Max) 0.537  (Quan) 0.514
Avg 1069.248 1098.085 1105.127 1074.283
Max 2752.163 2906.187 2807.506 2851.316
Qua 1909.587 2058.302 2042.074 2054.257
######################## Seed 36 ########################
JCC Vs. ICC  (Avg) 0.732  (Max) 0.602  (Quan) 0.615
JCC Vs. SAA  (Avg) 0.957  (Max) 0.988  (Quan) 0.843
JCC Vs. Hult  (Avg) 0.735  (Max) 0.664  (Quan) 0.706
ICC Vs. SAA  (Avg) 0.368  (Max) 0.445  (Quan) 0.453
ICC Vs. Hult (Avg) 0.528  (Max) 0.551  (Quan) 0.601
SAA Vs. Hult  (Avg) 0.645  (Max) 0.613  (Quan) 0.651
Avg 1040.874 1138.392 1086.510 1151.655
Max 2723.678 2869.735 2792.515 2937.593
Qua 1896.354 2004.633 1957.474 2112.721
######################## Seed 37 ########################
JCC Vs. ICC  (Avg) 0.972  (Max) 0.735  (Quan) 0.918
JCC Vs. SAA  (Avg) 1.000  (Max) 1.000  (Quan) 1.000
JCC Vs. Hult  (Avg) 0.954  (Max) 0.721  (Quan) 0.901
ICC Vs. SAA  (Avg) 0.029  (Max) 0.271  (Quan) 0.082
ICC Vs. Hult (Avg) 0.087  (Max) 0.762  (Quan) 0.373
SAA Vs. Hult  (Avg) 0.954  (Max) 0.721  (Quan) 0.901
Avg 974.814 1359.267 974.814 1298.633
Max 2641.332 2919.379 2641.332 2899.445
Qua 1724.003 2145.958 1724.003 2119.057
######################## Seed 38 ########################
JCC Vs. ICC  (Avg) 0.627  (Max) 0.529  (Quan) 0.612
JCC Vs. SAA  (Avg) 0.617  (Max) 0.633  (Quan) 0.687
JCC Vs. Hult  (Avg) 0.627  (Max) 0.529  (Quan) 0.612
ICC Vs. SAA  (Avg) 0.506  (Max) 0.599  (Quan) 0.585
ICC Vs. Hult (Avg) 1.000  (Max) 1.000  (Quan) 1.000
SAA Vs. Hult  (Avg) 0.494  (Max) 0.401  (Quan) 0.415
Avg 978.864 1017.120 1020.782 1017.120
Max 2635.282 2662.943 2783.936 2662.943
Qua 1687.988 1764.611 1837.917 1764.611
######################## Seed 39 ########################
JCC Vs. ICC  (Avg) 0.968  (Max) 0.722  (Quan) 0.886
JCC Vs. SAA  (Avg) 0.320  (Max) 0.472  (Quan) 0.437
JCC Vs. Hult  (Avg) 0.968  (Max) 0.722  (Quan) 0.886
ICC Vs. SAA  (Avg) 0.177  (Max) 0.424  (Quan) 0.341
ICC Vs. Hult (Avg) 1.000  (Max) 1.000  (Quan) 1.000
SAA Vs. Hult  (Avg) 0.823  (Max) 0.576  (Quan) 0.659
Avg 1046.249 1140.730 973.385 1140.730
Max 2691.120 2750.357 2648.437 2750.357
Qua 1851.312 1952.676 1800.690 1952.676
######################## Seed 40 ########################
JCC Vs. ICC  (Avg) 0.540  (Max) 0.516  (Quan) 0.579
JCC Vs. SAA  (Avg) 0.971  (Max) 0.964  (Quan) 0.918
JCC Vs. Hult  (Avg) 0.540  (Max) 0.516  (Quan) 0.579
ICC Vs. SAA  (Avg) 0.628  (Max) 0.538  (Quan) 0.510
ICC Vs. Hult (Avg) 1.000  (Max) 1.000  (Quan) 1.000
SAA Vs. Hult  (Avg) 0.372  (Max) 0.492  (Quan) 0.491
Avg 1017.120 1031.879 1083.087 1031.879
Max 2662.943 2665.805 2688.369 2665.805
Qua 1764.611 1833.036 1837.291 1833.036
######################## Seed 41 ########################
JCC Vs. ICC  (Avg) 0.710  (Max) 0.630  (Quan) 0.754
JCC Vs. SAA  (Avg) 0.305  (Max) 0.738  (Quan) 0.383
JCC Vs. Hult  (Avg) 0.710  (Max) 0.630  (Quan) 0.754
ICC Vs. SAA  (Avg) 0.194  (Max) 0.407  (Quan) 0.213
ICC Vs. Hult (Avg) 1.000  (Max) 1.000  (Quan) 1.000
SAA Vs. Hult  (Avg) 0.806  (Max) 0.598  (Quan) 0.788
Avg 1113.255 1185.310 1073.729 1185.310
Max 2773.937 2957.006 2805.487 2957.006
Qua 1798.826 2029.719 1751.314 2029.719
######################## Seed 42 ########################
JCC Vs. ICC  (Avg) 0.538  (Max) 0.451  (Quan) 0.474
JCC Vs. SAA  (Avg) 0.844  (Max) 0.626  (Quan) 0.682
JCC Vs. Hult  (Avg) 0.538  (Max) 0.451  (Quan) 0.474
ICC Vs. SAA  (Avg) 0.808  (Max) 0.677  (Quan) 0.697
ICC Vs. Hult (Avg) 1.000  (Max) 1.000  (Quan) 1.000
SAA Vs. Hult  (Avg) 0.192  (Max) 0.335  (Quan) 0.303
Avg 1016.505 1031.879 1185.799 1031.879
Max 2721.790 2665.805 2902.883 2665.805
Qua 1851.752 1833.036 2017.661 1833.036
######################## Seed 43 ########################
JCC Vs. ICC  (Avg) 0.604  (Max) 0.546  (Quan) 0.563
JCC Vs. SAA  (Avg) 0.944  (Max) 0.922  (Quan) 0.870
JCC Vs. Hult  (Avg) 0.779  (Max) 0.625  (Quan) 0.676
ICC Vs. SAA  (Avg) 0.508  (Max) 0.564  (Quan) 0.533
ICC Vs. Hult (Avg) 0.988  (Max) 0.949  (Quan) 0.928
SAA Vs. Hult  (Avg) 0.690  (Max) 0.532  (Quan) 0.585
Avg 1031.879 1076.313 1079.435 1169.316
Max 2665.805 2701.648 2769.812 2803.819
Qua 1833.036 1889.162 1918.701 1998.386
######################## Seed 44 ########################
JCC Vs. ICC  (Avg) 0.541  (Max) 0.748  (Quan) 0.533
JCC Vs. SAA  (Avg) 0.329  (Max) 0.516  (Quan) 0.444
JCC Vs. Hult  (Avg) 0.831  (Max) 0.955  (Quan) 0.882
ICC Vs. SAA  (Avg) 0.317  (Max) 0.520  (Quan) 0.432
ICC Vs. Hult (Avg) 0.785  (Max) 0.946  (Quan) 0.844
SAA Vs. Hult  (Avg) 0.770  (Max) 0.522  (Quan) 0.657
Avg 1145.142 1151.056 1080.724 1198.748
Max 2854.783 2853.781 2866.117 2902.792
Qua 1991.517 2000.419 1932.019 2092.899
######################## Seed 45 ########################
JCC Vs. ICC  (Avg) 0.791  (Max) 0.592  (Quan) 0.632
JCC Vs. SAA  (Avg) 0.466  (Max) 0.638  (Quan) 0.762
JCC Vs. Hult  (Avg) 0.791  (Max) 0.592  (Quan) 0.632
ICC Vs. SAA  (Avg) 0.198  (Max) 0.576  (Quan) 0.683
ICC Vs. Hult (Avg) 1.000  (Max) 1.000  (Quan) 1.000
SAA Vs. Hult  (Avg) 0.802  (Max) 0.424  (Quan) 0.317
Avg 1062.663 1184.075 1049.578 1184.075
Max 2683.218 2766.286 2861.227 2766.286
Qua 1818.493 1909.103 2072.424 1909.103
######################## Seed 46 ########################
JCC Vs. ICC  (Avg) 0.071  (Max) 0.921  (Quan) 0.267
JCC Vs. SAA  (Avg) 0.984  (Max) 1.000  (Quan) 0.943
JCC Vs. Hult  (Avg) 0.071  (Max) 0.921  (Quan) 0.267
ICC Vs. SAA  (Avg) 0.985  (Max) 0.993  (Quan) 0.938
ICC Vs. Hult (Avg) 1.000  (Max) 1.000  (Quan) 1.000
SAA Vs. Hult  (Avg) 0.015  (Max) 0.832  (Quan) 0.090
Avg 1004.517 974.517 1050.539 974.517
Max 2662.210 2652.064 2677.274 2652.064
Qua 1729.402 1698.213 1772.651 1698.213
######################## Seed 47 ########################
JCC Vs. ICC  (Avg) 0.913  (Max) 0.963  (Quan) 0.933
JCC Vs. SAA  (Avg) 0.570  (Max) 0.921  (Quan) 0.586
JCC Vs. Hult  (Avg) 0.934  (Max) 0.968  (Quan) 0.947
ICC Vs. SAA  (Avg) 0.123  (Max) 0.458  (Quan) 0.101
ICC Vs. Hult (Avg) 0.658  (Max) 0.924  (Quan) 0.573
SAA Vs. Hult  (Avg) 0.907  (Max) 0.965  (Quan) 0.917
Avg 931.460 1032.881 944.467 1053.794
Max 2610.814 2760.849 2613.792 2808.172
Qua 1632.339 1922.314 1661.187 1940.893
######################## Seed 48 ########################
JCC Vs. ICC  (Avg) 0.021  (Max) 0.865  (Quan) 0.125
JCC Vs. SAA  (Avg) 0.829  (Max) 0.934  (Quan) 0.805
JCC Vs. Hult  (Avg) 0.979  (Max) 0.947  (Quan) 0.920
ICC Vs. SAA  (Avg) 0.992  (Max) 1.000  (Quan) 0.980
ICC Vs. Hult (Avg) 0.998  (Max) 1.000  (Quan) 0.993
SAA Vs. Hult  (Avg) 0.929  (Max) 0.711  (Quan) 0.726
Avg 1062.663 1017.120 1089.459 1147.957
Max 2683.218 2662.943 2796.006 2802.120
Qua 1818.493 1764.611 1883.964 1941.756
######################## Seed 49 ########################
JCC Vs. ICC  (Avg) 0.963  (Max) 0.736  (Quan) 0.912
JCC Vs. SAA  (Avg) 1.000  (Max) 1.000  (Quan) 1.000
JCC Vs. Hult  (Avg) 0.755  (Max) 0.566  (Quan) 0.682
ICC Vs. SAA  (Avg) 0.037  (Max) 0.267  (Quan) 0.088
ICC Vs. Hult (Avg) 0.079  (Max) 0.315  (Quan) 0.156
SAA Vs. Hult  (Avg) 0.755  (Max) 0.566  (Quan) 0.682
Avg 944.467 1291.464 944.467 1037.332
Max 2613.792 2896.991 2613.792 2683.062
Qua 1661.187 2104.810 1661.187 1800.259
######################## Overall Performance ########################
&0.692	  &0.653	  &0.710	 &0.394	  &0.605	  &0.654
&0.668	  &0.738	  &0.666	 &0.550	  &0.840	  &0.601
&0.661	  &0.659	  &0.679	 &0.450	  &0.632	  &0.606
Avg 1033.666 1114.479 1052.086 1101.909
Max 2702.831 2774.055 2737.709 2762.497
Qua 1818.244 1922.545 1855.575 1913.733
