######################## Seed 0 ########################
JCC Vs. ICC  (Avg) 0.807  (Max) 0.576  (Quan) 0.744
JCC Vs. SAA  (Avg) 0.309  (Max) 0.440  (Quan) 0.253
JCC Vs. Hult  (Avg) 0.898  (Max) 0.658  (Quan) 0.888
ICC Vs. SAA  (Avg) 0.113  (Max) 0.334  (Quan) 0.116
ICC Vs. Hult (Avg) 0.828  (Max) 0.795  (Quan) 0.714
SAA Vs. Hult  (Avg) 0.940  (Max) 0.792  (Quan) 0.938
Avg 1059.229 1178.473 1009.110 1220.238
Max 2858.467 2950.299 2717.055 2994.759
Qua 1901.012 2084.989 1768.200 2155.875
######################## Seed 1 ########################
JCC Vs. ICC  (Avg) 0.159  (Max) 0.379  (Quan) 0.173
JCC Vs. SAA  (Avg) 0.502  (Max) 0.708  (Quan) 0.393
JCC Vs. Hult  (Avg) 0.267  (Max) 0.396  (Quan) 0.237
ICC Vs. SAA  (Avg) 0.844  (Max) 0.626  (Quan) 0.810
ICC Vs. Hult (Avg) 0.987  (Max) 0.996  (Quan) 0.960
SAA Vs. Hult  (Avg) 0.264  (Max) 0.401  (Quan) 0.262
Avg 1166.999 996.976 1167.155 1064.308
Max 2844.735 2701.381 2844.201 2726.401
Qua 2013.725 1700.696 1985.811 1777.805
######################## Seed 2 ########################
JCC Vs. ICC  (Avg) 0.884  (Max) 0.662  (Quan) 0.891
JCC Vs. SAA  (Avg) 0.666  (Max) 0.881  (Quan) 0.769
JCC Vs. Hult  (Avg) 0.866  (Max) 0.658  (Quan) 0.880
ICC Vs. SAA  (Avg) 0.166  (Max) 0.400  (Quan) 0.187
ICC Vs. Hult (Avg) 0.209  (Max) 0.948  (Quan) 0.348
SAA Vs. Hult  (Avg) 0.810  (Max) 0.600  (Quan) 0.794
Avg 972.257 1154.516 1007.366 1138.553
Max 2675.125 2864.086 2747.922 2859.907
Qua 1667.398 2056.611 1783.520 2035.334
######################## Seed 3 ########################
JCC Vs. ICC  (Avg) 0.793  (Max) 0.550  (Quan) 0.650
JCC Vs. SAA  (Avg) 0.871  (Max) 0.553  (Quan) 0.704
JCC Vs. Hult  (Avg) 0.829  (Max) 0.578  (Quan) 0.673
ICC Vs. SAA  (Avg) 0.923  (Max) 0.750  (Quan) 0.760
ICC Vs. Hult (Avg) 0.695  (Max) 0.811  (Quan) 0.573
SAA Vs. Hult  (Avg) 0.164  (Max) 0.718  (Quan) 0.324
Avg 1037.731 1156.476 1212.117 1173.171
Max 2784.452 2852.187 2852.500 2888.028
Qua 1791.755 1895.721 1942.517 1906.192
######################## Seed 4 ########################
JCC Vs. ICC  (Avg) 0.714  (Max) 0.563  (Quan) 0.651
JCC Vs. SAA  (Avg) 0.686  (Max) 0.601  (Quan) 0.591
JCC Vs. Hult  (Avg) 0.343  (Max) 0.452  (Quan) 0.421
ICC Vs. SAA  (Avg) 0.444  (Max) 0.564  (Quan) 0.436
ICC Vs. Hult (Avg) 0.004  (Max) 0.519  (Quan) 0.016
SAA Vs. Hult  (Avg) 0.192  (Max) 0.348  (Quan) 0.340
Avg 1069.153 1160.909 1138.431 1011.188
Max 2746.015 2805.694 2879.024 2687.486
Qua 1821.151 1939.273 1885.570 1762.718
######################## Seed 5 ########################
JCC Vs. ICC  (Avg) 0.752  (Max) 0.597  (Quan) 0.808
JCC Vs. SAA  (Avg) 0.621  (Max) 0.625  (Quan) 0.821
JCC Vs. Hult  (Avg) 0.752  (Max) 0.597  (Quan) 0.808
ICC Vs. SAA  (Avg) 0.351  (Max) 0.551  (Quan) 0.549
ICC Vs. Hult (Avg) 1.000  (Max) 1.000  (Quan) 1.000
SAA Vs. Hult  (Avg) 0.649  (Max) 0.483  (Quan) 0.451
Avg 1083.830 1189.915 1131.904 1189.915
Max 2751.163 2879.350 2909.470 2879.350
Qua 1836.829 2129.446 2171.530 2129.446
######################## Seed 6 ########################
JCC Vs. ICC  (Avg) 0.986  (Max) 0.997  (Quan) 0.971
JCC Vs. SAA  (Avg) 0.698  (Max) 0.568  (Quan) 0.717
JCC Vs. Hult  (Avg) 0.995  (Max) 0.997  (Quan) 0.988
ICC Vs. SAA  (Avg) 0.491  (Max) 0.498  (Quan) 0.577
ICC Vs. Hult (Avg) 0.933  (Max) 0.780  (Quan) 0.701
SAA Vs. Hult  (Avg) 0.649  (Max) 0.512  (Quan) 0.474
Avg 996.976 1068.347 1065.767 1117.447
Max 2701.381 2789.515 2792.142 2797.390
Qua 1700.696 1813.756 1886.181 1852.226
######################## Seed 7 ########################
JCC Vs. ICC  (Avg) 0.511  (Max) 0.527  (Quan) 0.527
JCC Vs. SAA  (Avg) 0.296  (Max) 0.470  (Quan) 0.436
JCC Vs. Hult  (Avg) 0.434  (Max) 0.528  (Quan) 0.528
ICC Vs. SAA  (Avg) 0.287  (Max) 0.446  (Quan) 0.409
ICC Vs. Hult (Avg) 0.261  (Max) 0.661  (Quan) 0.492
SAA Vs. Hult  (Avg) 0.648  (Max) 0.570  (Quan) 0.586
Avg 1120.173 1125.339 1038.381 1098.008
Max 2780.873 2804.851 2744.994 2813.472
Qua 1873.642 1895.116 1826.827 1894.071
######################## Seed 8 ########################
JCC Vs. ICC  (Avg) 0.977  (Max) 0.766  (Quan) 0.946
JCC Vs. SAA  (Avg) 0.984  (Max) 1.000  (Quan) 0.962
JCC Vs. Hult  (Avg) 0.977  (Max) 0.766  (Quan) 0.946
ICC Vs. SAA  (Avg) 0.033  (Max) 0.274  (Quan) 0.082
ICC Vs. Hult (Avg) 1.000  (Max) 1.000  (Quan) 1.000
SAA Vs. Hult  (Avg) 0.967  (Max) 0.732  (Quan) 0.918
Avg 1037.002 1476.043 1083.830 1476.043
Max 2699.403 3025.162 2751.163 3025.162
Qua 1768.125 2278.027 1836.829 2278.027
######################## Seed 9 ########################
JCC Vs. ICC  (Avg) 0.898  (Max) 0.698  (Quan) 0.896
JCC Vs. SAA  (Avg) 0.997  (Max) 0.997  (Quan) 0.993
JCC Vs. Hult  (Avg) 0.647  (Max) 0.564  (Quan) 0.755
ICC Vs. SAA  (Avg) 0.378  (Max) 0.434  (Quan) 0.289
ICC Vs. Hult (Avg) 0.073  (Max) 0.490  (Quan) 0.303
SAA Vs. Hult  (Avg) 0.265  (Max) 0.429  (Quan) 0.533
Avg 996.976 1196.394 1149.213 1050.307
Max 2701.381 2938.489 2875.504 2772.778
Qua 1700.696 2092.302 1922.601 1967.403
######################## Seed 10 ########################
JCC Vs. ICC  (Avg) 0.512  (Max) 0.522  (Quan) 0.514
JCC Vs. SAA  (Avg) 1.000  (Max) 1.000  (Quan) 1.000
JCC Vs. Hult  (Avg) 0.447  (Max) 0.524  (Quan) 0.461
ICC Vs. SAA  (Avg) 0.488  (Max) 0.479  (Quan) 0.486
ICC Vs. Hult (Avg) 0.099  (Max) 0.868  (Quan) 0.238
SAA Vs. Hult  (Avg) 0.447  (Max) 0.524  (Quan) 0.461
Avg 1096.229 1099.540 1096.229 1070.593
Max 2873.345 2897.168 2873.345 2900.329
Qua 1996.467 2010.009 1996.467 1959.036
######################## Seed 11 ########################
JCC Vs. ICC  (Avg) 0.564  (Max) 0.426  (Quan) 0.327
JCC Vs. SAA  (Avg) 0.379  (Max) 0.413  (Quan) 0.229
JCC Vs. Hult  (Avg) 0.564  (Max) 0.426  (Quan) 0.327
ICC Vs. SAA  (Avg) 0.070  (Max) 0.582  (Quan) 0.185
ICC Vs. Hult (Avg) 1.000  (Max) 1.000  (Quan) 1.000
SAA Vs. Hult  (Avg) 0.930  (Max) 0.532  (Quan) 0.823
Avg 1132.095 1160.304 1081.059 1160.304
Max 2937.680 2841.513 2824.051 2841.513
Qua 2179.870 2010.850 1902.430 2010.850
######################## Seed 12 ########################
JCC Vs. ICC  (Avg) 0.713  (Max) 0.578  (Quan) 0.517
JCC Vs. SAA  (Avg) 0.349  (Max) 0.714  (Quan) 0.468
JCC Vs. Hult  (Avg) 0.749  (Max) 0.600  (Quan) 0.555
ICC Vs. SAA  (Avg) 0.228  (Max) 0.405  (Quan) 0.443
ICC Vs. Hult (Avg) 0.775  (Max) 0.786  (Quan) 0.679
SAA Vs. Hult  (Avg) 0.805  (Max) 0.618  (Quan) 0.595
Avg 1088.683 1183.875 1054.235 1207.571
Max 2785.970 2878.242 2756.150 2909.603
Qua 1978.723 1993.192 1946.164 2028.820
######################## Seed 13 ########################
JCC Vs. ICC  (Avg) 0.799  (Max) 0.582  (Quan) 0.722
JCC Vs. SAA  (Avg) 0.799  (Max) 0.582  (Quan) 0.722
JCC Vs. Hult  (Avg) 0.800  (Max) 0.677  (Quan) 0.876
ICC Vs. SAA  (Avg) 1.000  (Max) 1.000  (Quan) 1.000
ICC Vs. Hult (Avg) 0.533  (Max) 0.622  (Quan) 0.757
SAA Vs. Hult  (Avg) 0.533  (Max) 0.622  (Quan) 0.757
Avg 996.976 1120.173 1120.173 1134.748
Max 2701.381 2780.873 2780.873 2940.194
Qua 1700.696 1873.642 1873.642 2132.019
######################## Seed 14 ########################
JCC Vs. ICC  (Avg) 0.599  (Max) 0.555  (Quan) 0.591
JCC Vs. SAA  (Avg) 0.978  (Max) 0.828  (Quan) 0.945
JCC Vs. Hult  (Avg) 0.667  (Max) 0.570  (Quan) 0.629
ICC Vs. SAA  (Avg) 0.637  (Max) 0.560  (Quan) 0.592
ICC Vs. Hult (Avg) 0.952  (Max) 0.992  (Quan) 0.846
SAA Vs. Hult  (Avg) 0.442  (Max) 0.462  (Quan) 0.449
Avg 1011.188 1047.769 1105.149 1079.850
Max 2687.486 2739.996 2797.863 2756.564
Qua 1762.718 1837.915 1919.180 1874.415
######################## Seed 15 ########################
JCC Vs. ICC  (Avg) 0.522  (Max) 0.543  (Quan) 0.556
JCC Vs. SAA  (Avg) 0.416  (Max) 0.493  (Quan) 0.462
JCC Vs. Hult  (Avg) 0.572  (Max) 0.545  (Quan) 0.573
ICC Vs. SAA  (Avg) 0.124  (Max) 0.667  (Quan) 0.194
ICC Vs. Hult (Avg) 0.874  (Max) 0.980  (Quan) 0.671
SAA Vs. Hult  (Avg) 0.931  (Max) 0.923  (Quan) 0.859
Avg 1056.212 1063.136 1028.317 1082.699
Max 2710.608 2756.453 2693.109 2758.736
Qua 1790.876 1834.001 1762.775 1846.681
######################## Seed 16 ########################
JCC Vs. ICC  (Avg) 0.454  (Max) 0.488  (Quan) 0.424
JCC Vs. SAA  (Avg) 0.871  (Max) 0.992  (Quan) 0.835
JCC Vs. Hult  (Avg) 0.508  (Max) 0.480  (Quan) 0.452
ICC Vs. SAA  (Avg) 0.621  (Max) 0.528  (Quan) 0.660
ICC Vs. Hult (Avg) 0.848  (Max) 0.838  (Quan) 0.720
SAA Vs. Hult  (Avg) 0.438  (Max) 0.465  (Quan) 0.362
Avg 1033.852 1018.339 1060.773 1038.381
Max 2758.999 2756.453 2776.676 2744.994
Qua 1865.314 1802.392 1952.490 1826.827
######################## Seed 17 ########################
JCC Vs. ICC  (Avg) 0.835  (Max) 0.735  (Quan) 0.777
JCC Vs. SAA  (Avg) 0.100  (Max) 0.383  (Quan) 0.303
JCC Vs. Hult  (Avg) 0.549  (Max) 0.829  (Quan) 0.618
ICC Vs. SAA  (Avg) 0.074  (Max) 0.372  (Quan) 0.249
ICC Vs. Hult (Avg) 0.127  (Max) 0.730  (Quan) 0.214
SAA Vs. Hult  (Avg) 0.899  (Max) 0.609  (Quan) 0.701
Avg 1190.541 1231.940 999.422 1192.940
Max 2877.370 2884.895 2716.366 2858.357
Qua 1897.307 1954.988 1755.171 1904.692
######################## Seed 18 ########################
JCC Vs. ICC  (Avg) 0.729  (Max) 0.516  (Quan) 0.626
JCC Vs. SAA  (Avg) 0.625  (Max) 0.801  (Quan) 0.722
JCC Vs. Hult  (Avg) 0.742  (Max) 0.541  (Quan) 0.645
ICC Vs. SAA  (Avg) 0.327  (Max) 0.501  (Quan) 0.456
ICC Vs. Hult (Avg) 0.597  (Max) 0.812  (Quan) 0.572
SAA Vs. Hult  (Avg) 0.688  (Max) 0.526  (Quan) 0.566
Avg 1039.494 1136.264 1065.767 1143.954
Max 2768.436 2792.063 2792.142 2822.008
Qua 1813.004 1916.986 1886.181 1932.063
######################## Seed 19 ########################
JCC Vs. ICC  (Avg) 0.969  (Max) 0.696  (Quan) 0.918
JCC Vs. SAA  (Avg) 0.463  (Max) 0.483  (Quan) 0.490
JCC Vs. Hult  (Avg) 0.968  (Max) 0.672  (Quan) 0.912
ICC Vs. SAA  (Avg) 0.040  (Max) 0.306  (Quan) 0.116
ICC Vs. Hult (Avg) 0.546  (Max) 0.764  (Quan) 0.491
SAA Vs. Hult  (Avg) 0.962  (Max) 0.668  (Quan) 0.880
Avg 987.517 1332.648 975.260 1336.636
Max 2721.878 2971.868 2705.320 2929.883
Qua 1710.433 2115.556 1708.342 2109.080
######################## Seed 20 ########################
JCC Vs. ICC  (Avg) 0.503  (Max) 0.481  (Quan) 0.508
JCC Vs. SAA  (Avg) 0.090  (Max) 0.794  (Quan) 0.151
JCC Vs. Hult  (Avg) 0.503  (Max) 0.481  (Quan) 0.508
ICC Vs. SAA  (Avg) 0.413  (Max) 0.499  (Quan) 0.415
ICC Vs. Hult (Avg) 1.000  (Max) 1.000  (Quan) 1.000
SAA Vs. Hult  (Avg) 0.587  (Max) 0.522  (Quan) 0.585
Avg 1045.528 1047.313 1016.472 1047.313
Max 2729.501 2703.379 2691.458 2703.379
Qua 1793.105 1804.132 1738.503 1804.132
######################## Seed 21 ########################
JCC Vs. ICC  (Avg) 0.933  (Max) 0.667  (Quan) 0.884
JCC Vs. SAA  (Avg) 0.138  (Max) 0.753  (Quan) 0.207
JCC Vs. Hult  (Avg) 0.945  (Max) 0.673  (Quan) 0.900
ICC Vs. SAA  (Avg) 0.056  (Max) 0.302  (Quan) 0.079
ICC Vs. Hult (Avg) 0.775  (Max) 0.916  (Quan) 0.727
SAA Vs. Hult  (Avg) 0.955  (Max) 0.706  (Quan) 0.931
Avg 1103.021 1387.745 1078.645 1414.384
Max 2794.724 3001.628 2746.816 3013.703
Qua 1814.473 2177.987 1752.852 2207.705
######################## Seed 22 ########################
JCC Vs. ICC  (Avg) 0.802  (Max) 0.573  (Quan) 0.727
JCC Vs. SAA  (Avg) 1.000  (Max) 1.000  (Quan) 1.000
JCC Vs. Hult  (Avg) 0.678  (Max) 0.599  (Quan) 0.683
ICC Vs. SAA  (Avg) 0.198  (Max) 0.427  (Quan) 0.273
ICC Vs. Hult (Avg) 0.062  (Max) 0.816  (Quan) 0.345
SAA Vs. Hult  (Avg) 0.678  (Max) 0.599  (Quan) 0.683
Avg 977.799 1096.129 977.799 1038.431
Max 2654.775 2754.622 2654.775 2791.147
Qua 1650.899 1821.303 1650.899 1788.741
######################## Seed 23 ########################
JCC Vs. ICC  (Avg) 0.850  (Max) 0.539  (Quan) 0.581
JCC Vs. SAA  (Avg) 0.676  (Max) 0.543  (Quan) 0.541
JCC Vs. Hult  (Avg) 0.837  (Max) 0.567  (Quan) 0.577
ICC Vs. SAA  (Avg) 0.268  (Max) 0.510  (Quan) 0.463
ICC Vs. Hult (Avg) 0.273  (Max) 0.904  (Quan) 0.466
SAA Vs. Hult  (Avg) 0.705  (Max) 0.535  (Quan) 0.538
Avg 1010.904 1171.775 1079.488 1156.476
Max 2769.506 2807.398 2813.656 2852.187
Qua 1849.614 1898.877 1874.635 1895.721
######################## Seed 24 ########################
JCC Vs. ICC  (Avg) 0.756  (Max) 0.530  (Quan) 0.550
JCC Vs. SAA  (Avg) 0.647  (Max) 0.489  (Quan) 0.479
JCC Vs. Hult  (Avg) 0.756  (Max) 0.530  (Quan) 0.550
ICC Vs. SAA  (Avg) 0.377  (Max) 0.464  (Quan) 0.433
ICC Vs. Hult (Avg) 1.000  (Max) 1.000  (Quan) 1.000
SAA Vs. Hult  (Avg) 0.623  (Max) 0.552  (Quan) 0.568
Avg 1037.667 1140.394 1095.535 1140.394
Max 2771.622 2802.588 2753.170 2802.588
Qua 1868.659 1899.896 1849.686 1899.896
######################## Seed 25 ########################
JCC Vs. ICC  (Avg) 0.516  (Max) 0.577  (Quan) 0.717
JCC Vs. SAA  (Avg) 0.227  (Max) 0.415  (Quan) 0.322
JCC Vs. Hult  (Avg) 0.516  (Max) 0.577  (Quan) 0.717
ICC Vs. SAA  (Avg) 0.217  (Max) 0.351  (Quan) 0.170
ICC Vs. Hult (Avg) 1.000  (Max) 1.000  (Quan) 1.000
SAA Vs. Hult  (Avg) 0.783  (Max) 0.649  (Quan) 0.830
Avg 1126.103 1134.030 1009.299 1134.030
Max 2827.393 2927.435 2715.567 2927.435
Qua 1910.811 2130.867 1759.081 2130.867
######################## Seed 26 ########################
JCC Vs. ICC  (Avg) 0.859  (Max) 0.646  (Quan) 0.859
JCC Vs. SAA  (Avg) 0.569  (Max) 0.930  (Quan) 0.578
JCC Vs. Hult  (Avg) 0.929  (Max) 0.669  (Quan) 0.913
ICC Vs. SAA  (Avg) 0.167  (Max) 0.355  (Quan) 0.165
ICC Vs. Hult (Avg) 0.962  (Max) 0.758  (Quan) 0.862
SAA Vs. Hult  (Avg) 0.914  (Max) 0.667  (Quan) 0.898
Avg 951.680 1111.812 965.362 1192.926
Max 2650.592 2852.470 2655.584 2884.322
Qua 1632.504 1998.309 1661.434 2091.448
######################## Seed 27 ########################
JCC Vs. ICC  (Avg) 0.815  (Max) 0.612  (Quan) 0.754
JCC Vs. SAA  (Avg) 0.774  (Max) 0.644  (Quan) 0.807
JCC Vs. Hult  (Avg) 0.974  (Max) 0.762  (Quan) 0.936
ICC Vs. SAA  (Avg) 0.470  (Max) 0.551  (Quan) 0.586
ICC Vs. Hult (Avg) 0.996  (Max) 0.887  (Quan) 0.977
SAA Vs. Hult  (Avg) 0.919  (Max) 0.621  (Quan) 0.711
Avg 1002.907 1124.025 1112.867 1372.203
Max 2690.225 2818.913 2878.489 3010.043
Qua 1702.976 1900.236 1973.862 2141.700
######################## Seed 28 ########################
JCC Vs. ICC  (Avg) 0.922  (Max) 0.714  (Quan) 0.831
JCC Vs. SAA  (Avg) 0.954  (Max) 0.908  (Quan) 0.814
JCC Vs. Hult  (Avg) 0.922  (Max) 0.714  (Quan) 0.831
ICC Vs. SAA  (Avg) 0.125  (Max) 0.296  (Quan) 0.207
ICC Vs. Hult (Avg) 1.000  (Max) 1.000  (Quan) 1.000
SAA Vs. Hult  (Avg) 0.875  (Max) 0.704  (Quan) 0.793
Avg 1019.860 1259.365 1070.275 1259.365
Max 2741.277 3027.715 2757.799 3027.715
Qua 1811.730 2129.640 1863.287 2129.640
######################## Seed 29 ########################
JCC Vs. ICC  (Avg) 0.303  (Max) 0.403  (Quan) 0.441
JCC Vs. SAA  (Avg) 0.344  (Max) 0.442  (Quan) 0.373
JCC Vs. Hult  (Avg) 0.451  (Max) 0.436  (Quan) 0.562
ICC Vs. SAA  (Avg) 0.543  (Max) 0.540  (Quan) 0.439
ICC Vs. Hult (Avg) 0.956  (Max) 0.927  (Quan) 0.935
SAA Vs. Hult  (Avg) 0.609  (Max) 0.498  (Quan) 0.674
Avg 1175.747 1105.245 1121.242 1161.151
Max 2908.729 2780.962 2836.320 2827.173
Qua 1884.250 1850.429 1805.742 1936.412
######################## Seed 30 ########################
JCC Vs. ICC  (Avg) 0.459  (Max) 0.549  (Quan) 0.748
JCC Vs. SAA  (Avg) 0.144  (Max) 0.341  (Quan) 0.182
JCC Vs. Hult  (Avg) 0.459  (Max) 0.549  (Quan) 0.748
ICC Vs. SAA  (Avg) 0.198  (Max) 0.308  (Quan) 0.146
ICC Vs. Hult (Avg) 1.000  (Max) 1.000  (Quan) 1.000
SAA Vs. Hult  (Avg) 0.802  (Max) 0.692  (Quan) 0.854
Avg 1166.509 1155.169 1019.119 1155.169
Max 2919.797 2991.120 2722.704 2991.120
Qua 1997.665 2154.245 1741.748 2154.245
######################## Seed 31 ########################
JCC Vs. ICC  (Avg) 0.784  (Max) 0.543  (Quan) 0.673
JCC Vs. SAA  (Avg) 0.812  (Max) 0.692  (Quan) 0.690
JCC Vs. Hult  (Avg) 0.922  (Max) 0.611  (Quan) 0.723
ICC Vs. SAA  (Avg) 0.512  (Max) 0.660  (Quan) 0.524
ICC Vs. Hult (Avg) 0.724  (Max) 0.585  (Quan) 0.540
SAA Vs. Hult  (Avg) 0.743  (Max) 0.418  (Quan) 0.520
Avg 977.199 1095.535 1097.784 1181.141
Max 2708.370 2753.170 2965.662 2856.142
Qua 1708.996 1849.686 1863.210 1871.539
######################## Seed 32 ########################
JCC Vs. ICC  (Avg) 0.604  (Max) 0.442  (Quan) 0.465
JCC Vs. SAA  (Avg) 0.604  (Max) 0.500  (Quan) 0.564
JCC Vs. Hult  (Avg) 0.624  (Max) 0.460  (Quan) 0.496
ICC Vs. SAA  (Avg) 0.508  (Max) 0.567  (Quan) 0.592
ICC Vs. Hult (Avg) 0.605  (Max) 0.870  (Quan) 0.642
SAA Vs. Hult  (Avg) 0.513  (Max) 0.473  (Quan) 0.436
Avg 1020.204 1056.212 1058.769 1063.909
Max 2780.021 2710.608 2783.854 2732.847
Qua 1814.040 1790.876 1868.948 1812.566
######################## Seed 33 ########################
JCC Vs. ICC  (Avg) 0.885  (Max) 0.720  (Quan) 0.828
JCC Vs. SAA  (Avg) 1.000  (Max) 1.000  (Quan) 1.000
JCC Vs. Hult  (Avg) 0.938  (Max) 0.655  (Quan) 0.885
ICC Vs. SAA  (Avg) 0.116  (Max) 0.716  (Quan) 0.203
ICC Vs. Hult (Avg) 0.893  (Max) 0.840  (Quan) 0.701
SAA Vs. Hult  (Avg) 0.938  (Max) 0.655  (Quan) 0.885
Avg 1038.381 1068.043 1038.381 1093.918
Max 2744.994 2768.687 2744.994 2769.850
Qua 1826.827 1889.683 1826.827 1919.557
######################## Seed 34 ########################
JCC Vs. ICC  (Avg) 0.874  (Max) 0.625  (Quan) 0.750
JCC Vs. SAA  (Avg) 0.480  (Max) 0.486  (Quan) 0.540
JCC Vs. Hult  (Avg) 0.761  (Max) 0.570  (Quan) 0.624
ICC Vs. SAA  (Avg) 0.122  (Max) 0.368  (Quan) 0.294
ICC Vs. Hult (Avg) 0.028  (Max) 0.601  (Quan) 0.063
SAA Vs. Hult  (Avg) 0.763  (Max) 0.578  (Quan) 0.578
Avg 1003.912 1189.272 998.787 1105.245
Max 2696.823 2852.423 2682.456 2780.962
Qua 1753.544 1970.195 1787.769 1850.429
######################## Seed 35 ########################
JCC Vs. ICC  (Avg) 0.719  (Max) 0.557  (Quan) 0.600
JCC Vs. SAA  (Avg) 0.509  (Max) 0.907  (Quan) 0.537
JCC Vs. Hult  (Avg) 0.736  (Max) 0.558  (Quan) 0.621
ICC Vs. SAA  (Avg) 0.271  (Max) 0.451  (Quan) 0.396
ICC Vs. Hult (Avg) 0.519  (Max) 0.809  (Quan) 0.524
SAA Vs. Hult  (Avg) 0.742  (Max) 0.555  (Quan) 0.615
Avg 978.782 1060.989 979.821 1067.165
Max 2702.340 2757.275 2705.349 2760.241
Qua 1717.523 1794.173 1719.907 1806.788
######################## Seed 36 ########################
JCC Vs. ICC  (Avg) 0.945  (Max) 0.646  (Quan) 0.803
JCC Vs. SAA  (Avg) 0.612  (Max) 0.896  (Quan) 0.616
JCC Vs. Hult  (Avg) 0.945  (Max) 0.646  (Quan) 0.803
ICC Vs. SAA  (Avg) 0.080  (Max) 0.387  (Quan) 0.269
ICC Vs. Hult (Avg) 1.000  (Max) 1.000  (Quan) 1.000
SAA Vs. Hult  (Avg) 0.920  (Max) 0.613  (Quan) 0.731
Avg 950.622 1181.141 976.624 1181.141
Max 2647.482 2856.142 2703.573 2856.142
Qua 1649.956 1871.539 1711.676 1871.539
######################## Seed 37 ########################
JCC Vs. ICC  (Avg) 0.622  (Max) 0.568  (Quan) 0.582
JCC Vs. SAA  (Avg) 1.000  (Max) 1.000  (Quan) 1.000
JCC Vs. Hult  (Avg) 0.672  (Max) 0.588  (Quan) 0.616
ICC Vs. SAA  (Avg) 0.379  (Max) 0.450  (Quan) 0.419
ICC Vs. Hult (Avg) 0.804  (Max) 0.930  (Quan) 0.734
SAA Vs. Hult  (Avg) 0.672  (Max) 0.588  (Quan) 0.616
Avg 1074.593 1120.173 1074.593 1140.394
Max 2715.658 2780.873 2715.658 2802.588
Qua 1812.361 1873.642 1812.361 1899.896
######################## Seed 38 ########################
JCC Vs. ICC  (Avg) 0.416  (Max) 0.512  (Quan) 0.676
JCC Vs. SAA  (Avg) 0.353  (Max) 0.828  (Quan) 0.442
JCC Vs. Hult  (Avg) 0.416  (Max) 0.512  (Quan) 0.676
ICC Vs. SAA  (Avg) 0.558  (Max) 0.479  (Quan) 0.308
ICC Vs. Hult (Avg) 1.000  (Max) 1.000  (Quan) 1.000
SAA Vs. Hult  (Avg) 0.442  (Max) 0.521  (Quan) 0.692
Avg 1135.131 1102.432 1126.557 1102.432
Max 2814.864 2826.308 2803.324 2826.308
Qua 1875.740 2047.826 1857.324 2047.826
######################## Seed 39 ########################
JCC Vs. ICC  (Avg) 0.793  (Max) 0.610  (Quan) 0.641
JCC Vs. SAA  (Avg) 0.477  (Max) 0.815  (Quan) 0.615
JCC Vs. Hult  (Avg) 0.733  (Max) 0.604  (Quan) 0.580
ICC Vs. SAA  (Avg) 0.216  (Max) 0.447  (Quan) 0.405
ICC Vs. Hult (Avg) 0.204  (Max) 0.804  (Quan) 0.266
SAA Vs. Hult  (Avg) 0.725  (Max) 0.560  (Quan) 0.536
Avg 1119.272 1231.940 1117.328 1202.078
Max 2761.399 2884.895 2813.374 2888.147
Qua 1871.908 1954.988 1895.030 1913.460
######################## Seed 40 ########################
JCC Vs. ICC  (Avg) 0.337  (Max) 0.481  (Quan) 0.449
JCC Vs. SAA  (Avg) 0.236  (Max) 0.471  (Quan) 0.562
JCC Vs. Hult  (Avg) 0.257  (Max) 0.470  (Quan) 0.482
ICC Vs. SAA  (Avg) 0.377  (Max) 0.501  (Quan) 0.598
ICC Vs. Hult (Avg) 0.393  (Max) 0.486  (Quan) 0.523
SAA Vs. Hult  (Avg) 0.515  (Max) 0.496  (Quan) 0.426
Avg 1171.775 1109.889 1062.315 1068.043
Max 2807.398 2773.229 2773.710 2768.687
Qua 1898.877 1866.481 1955.469 1889.683
######################## Seed 41 ########################
JCC Vs. ICC  (Avg) 0.843  (Max) 0.653  (Quan) 0.768
JCC Vs. SAA  (Avg) 0.994  (Max) 0.979  (Quan) 0.972
JCC Vs. Hult  (Avg) 0.740  (Max) 0.597  (Quan) 0.679
ICC Vs. SAA  (Avg) 0.342  (Max) 0.431  (Quan) 0.358
ICC Vs. Hult (Avg) 0.014  (Max) 0.688  (Quan) 0.062
SAA Vs. Hult  (Avg) 0.487  (Max) 0.533  (Quan) 0.535
Avg 1028.317 1201.103 1132.806 1128.827
Max 2693.109 2867.740 2774.389 2804.957
Qua 1762.775 2005.107 1886.143 1919.876
######################## Seed 42 ########################
JCC Vs. ICC  (Avg) 0.893  (Max) 0.679  (Quan) 0.865
JCC Vs. SAA  (Avg) 1.000  (Max) 1.000  (Quan) 1.000
JCC Vs. Hult  (Avg) 0.673  (Max) 0.606  (Quan) 0.698
ICC Vs. SAA  (Avg) 0.107  (Max) 0.321  (Quan) 0.135
ICC Vs. Hult (Avg) 0.210  (Max) 0.413  (Quan) 0.305
SAA Vs. Hult  (Avg) 0.673  (Max) 0.606  (Quan) 0.698
Avg 1011.280 1216.797 1011.280 1079.009
Max 2684.064 2897.843 2684.064 2804.273
Qua 1741.957 2087.542 1741.957 1918.764
######################## Seed 43 ########################
JCC Vs. ICC  (Avg) 0.394  (Max) 0.498  (Quan) 0.404
JCC Vs. SAA  (Avg) 0.885  (Max) 0.951  (Quan) 0.724
JCC Vs. Hult  (Avg) 0.954  (Max) 0.935  (Quan) 0.868
ICC Vs. SAA  (Avg) 0.657  (Max) 0.530  (Quan) 0.620
ICC Vs. Hult (Avg) 0.724  (Max) 0.552  (Quan) 0.664
SAA Vs. Hult  (Avg) 0.925  (Max) 0.976  (Quan) 0.822
Avg 1026.193 987.396 1047.313 1076.608
Max 2700.417 2674.972 2703.379 2731.605
Qua 1783.711 1710.265 1804.132 1843.127
######################## Seed 44 ########################
JCC Vs. ICC  (Avg) 0.386  (Max) 0.478  (Quan) 0.456
JCC Vs. SAA  (Avg) 0.329  (Max) 0.470  (Quan) 0.468
JCC Vs. Hult  (Avg) 0.705  (Max) 0.542  (Quan) 0.637
ICC Vs. SAA  (Avg) 0.426  (Max) 0.489  (Quan) 0.504
ICC Vs. Hult (Avg) 0.993  (Max) 0.960  (Quan) 0.974
SAA Vs. Hult  (Avg) 0.821  (Max) 0.586  (Quan) 0.658
Avg 1105.245 1065.449 1038.381 1189.109
Max 2780.962 2748.154 2744.994 2819.966
Qua 1850.429 1817.488 1826.827 1951.821
######################## Seed 45 ########################
JCC Vs. ICC  (Avg) 0.262  (Max) 0.432  (Quan) 0.350
JCC Vs. SAA  (Avg) 1.000  (Max) 1.000  (Quan) 1.000
JCC Vs. Hult  (Avg) 0.383  (Max) 0.463  (Quan) 0.432
ICC Vs. SAA  (Avg) 0.738  (Max) 0.585  (Quan) 0.650
ICC Vs. Hult (Avg) 0.962  (Max) 0.976  (Quan) 0.897
SAA Vs. Hult  (Avg) 0.383  (Max) 0.463  (Quan) 0.432
Avg 1120.173 1028.317 1120.173 1079.252
Max 2780.873 2693.109 2780.873 2728.755
Qua 1873.642 1762.775 1873.642 1825.832
######################## Seed 46 ########################
JCC Vs. ICC  (Avg) 0.430  (Max) 0.387  (Quan) 0.274
JCC Vs. SAA  (Avg) 0.852  (Max) 0.794  (Quan) 0.783
JCC Vs. Hult  (Avg) 0.452  (Max) 0.413  (Quan) 0.298
ICC Vs. SAA  (Avg) 0.635  (Max) 0.623  (Quan) 0.767
ICC Vs. Hult (Avg) 0.622  (Max) 0.867  (Quan) 0.668
SAA Vs. Hult  (Avg) 0.384  (Max) 0.401  (Quan) 0.255
Avg 1145.485 1120.173 1173.580 1128.363
Max 2929.511 2780.873 2943.346 2813.020
Qua 2079.100 1873.642 2125.721 1896.990
######################## Seed 47 ########################
JCC Vs. ICC  (Avg) 0.484  (Max) 0.369  (Quan) 0.216
JCC Vs. SAA  (Avg) 0.680  (Max) 0.925  (Quan) 0.506
JCC Vs. Hult  (Avg) 0.484  (Max) 0.369  (Quan) 0.216
ICC Vs. SAA  (Avg) 0.540  (Max) 0.645  (Quan) 0.776
ICC Vs. Hult (Avg) 1.000  (Max) 1.000  (Quan) 1.000
SAA Vs. Hult  (Avg) 0.460  (Max) 0.355  (Quan) 0.225
Avg 1146.227 1138.295 1157.256 1138.295
Max 2981.060 2804.693 3002.161 2804.693
Qua 2224.827 1921.394 2210.476 1921.394
######################## Seed 48 ########################
JCC Vs. ICC  (Avg) 0.069  (Max) 0.860  (Quan) 0.179
JCC Vs. SAA  (Avg) 0.257  (Max) 0.467  (Quan) 0.510
JCC Vs. Hult  (Avg) 0.193  (Max) 0.817  (Quan) 0.288
ICC Vs. SAA  (Avg) 0.340  (Max) 0.474  (Quan) 0.561
ICC Vs. Hult (Avg) 0.780  (Max) 0.747  (Quan) 0.635
SAA Vs. Hult  (Avg) 0.710  (Max) 0.519  (Quan) 0.461
Avg 1171.357 1128.363 1064.740 1152.961
Max 2819.844 2813.020 2776.440 2799.273
Qua 1943.723 1896.990 1962.074 1915.215
######################## Seed 49 ########################
JCC Vs. ICC  (Avg) 0.566  (Max) 0.540  (Quan) 0.476
JCC Vs. SAA  (Avg) 0.580  (Max) 0.494  (Quan) 0.565
JCC Vs. Hult  (Avg) 0.438  (Max) 0.514  (Quan) 0.426
ICC Vs. SAA  (Avg) 0.500  (Max) 0.444  (Quan) 0.558
ICC Vs. Hult (Avg) 0.078  (Max) 0.780  (Quan) 0.248
SAA Vs. Hult  (Avg) 0.372  (Max) 0.531  (Quan) 0.386
Avg 1144.720 1169.421 1168.031 1120.666
Max 2908.309 2958.427 2891.904 2930.132
Qua 2054.988 2037.579 2089.526 1991.592
######################## Overall Performance ########################
&0.664	  &0.617	  &0.671	 &0.362	  &0.658	  &0.665
&0.577	  &0.709	  &0.591	 &0.489	  &0.830	  &0.574
&0.626	  &0.627	  &0.643	 &0.418	  &0.661	  &0.613
Avg 1063.194 1142.026 1071.606 1147.145
Max 2769.636 2831.624 2780.994 2840.326
Qua 1838.641 1940.465 1864.064 1952.640
