######################## Seed 0 ########################
JCC Vs. ICC  (Avg) 1.000  (Max) 1.000  (Quan) 1.000
JCC Vs. SAA  (Avg) 0.453  (Max) 0.719  (Quan) 0.479
JCC Vs. Hult  (Avg) 1.000  (Max) 1.000  (Quan) 1.000
ICC Vs. SAA  (Avg) 0.453  (Max) 0.719  (Quan) 0.479
ICC Vs. Hult (Avg) 1.000  (Max) 1.000  (Quan) 1.000
SAA Vs. Hult  (Avg) 0.547  (Max) 0.729  (Quan) 0.552
Avg 930.642 930.642 917.113 930.642
Max 2400.896 2400.896 2395.487 2400.896
Qua 1656.561 1656.561 1635.260 1656.561
######################## Seed 1 ########################
JCC Vs. ICC  (Avg) 0.615  (Max) 0.544  (Quan) 0.653
JCC Vs. SAA  (Avg) 0.544  (Max) 0.478  (Quan) 0.547
JCC Vs. Hult  (Avg) 0.615  (Max) 0.539  (Quan) 0.648
ICC Vs. SAA  (Avg) 0.427  (Max) 0.444  (Quan) 0.390
ICC Vs. Hult (Avg) 0.495  (Max) 0.813  (Quan) 0.579
SAA Vs. Hult  (Avg) 0.571  (Max) 0.555  (Quan) 0.605
Avg 895.962 957.014 918.397 956.380
Max 2424.087 2480.291 2400.434 2474.672
Qua 1598.986 1757.146 1639.387 1751.072
######################## Seed 2 ########################
JCC Vs. ICC  (Avg) 0.574  (Max) 0.560  (Quan) 0.561
JCC Vs. SAA  (Avg) 0.574  (Max) 0.560  (Quan) 0.561
JCC Vs. Hult  (Avg) 0.574  (Max) 0.560  (Quan) 0.561
ICC Vs. SAA  (Avg) 1.000  (Max) 1.000  (Quan) 1.000
ICC Vs. Hult (Avg) 1.000  (Max) 1.000  (Quan) 1.000
SAA Vs. Hult  (Avg) 1.000  (Max) 1.000  (Quan) 1.000
Avg 893.404 927.493 927.493 927.493
Max 2371.463 2436.082 2436.082 2436.082
Qua 1633.707 1689.459 1689.459 1689.459
######################## Seed 3 ########################
JCC Vs. ICC  (Avg) 0.527  (Max) 0.660  (Quan) 0.543
JCC Vs. SAA  (Avg) 0.519  (Max) 0.713  (Quan) 0.537
JCC Vs. Hult  (Avg) 0.551  (Max) 0.547  (Quan) 0.559
ICC Vs. SAA  (Avg) 0.499  (Max) 0.465  (Quan) 0.492
ICC Vs. Hult (Avg) 0.541  (Max) 0.740  (Quan) 0.566
SAA Vs. Hult  (Avg) 0.542  (Max) 0.565  (Quan) 0.558
Avg 881.914 888.843 887.537 903.042
Max 2314.445 2356.477 2304.443 2368.790
Qua 1616.117 1633.188 1621.875 1669.912
######################## Seed 4 ########################
JCC Vs. ICC  (Avg) 0.507  (Max) 0.804  (Quan) 0.555
JCC Vs. SAA  (Avg) 0.580  (Max) 0.527  (Quan) 0.623
JCC Vs. Hult  (Avg) 0.507  (Max) 0.804  (Quan) 0.555
ICC Vs. SAA  (Avg) 0.573  (Max) 0.522  (Quan) 0.619
ICC Vs. Hult (Avg) 1.000  (Max) 1.000  (Quan) 1.000
SAA Vs. Hult  (Avg) 0.428  (Max) 0.479  (Quan) 0.382
Avg 895.143 896.254 932.475 896.254
Max 2422.307 2424.383 2451.181 2424.383
Qua 1596.805 1598.680 1713.611 1598.680
######################## Seed 5 ########################
JCC Vs. ICC  (Avg) 0.595  (Max) 0.527  (Quan) 0.627
JCC Vs. SAA  (Avg) 0.521  (Max) 0.497  (Quan) 0.528
JCC Vs. Hult  (Avg) 0.595  (Max) 0.527  (Quan) 0.627
ICC Vs. SAA  (Avg) 0.422  (Max) 0.471  (Quan) 0.398
ICC Vs. Hult (Avg) 1.000  (Max) 1.000  (Quan) 1.000
SAA Vs. Hult  (Avg) 0.578  (Max) 0.529  (Quan) 0.602
Avg 886.772 934.662 894.572 934.662
Max 2380.730 2403.724 2369.516 2403.724
Qua 1607.698 1739.838 1633.648 1739.838
######################## Seed 6 ########################
JCC Vs. ICC  (Avg) 0.502  (Max) 0.517  (Quan) 0.487
JCC Vs. SAA  (Avg) 0.481  (Max) 0.517  (Quan) 0.465
JCC Vs. Hult  (Avg) 0.481  (Max) 0.517  (Quan) 0.465
ICC Vs. SAA  (Avg) 0.469  (Max) 0.754  (Quan) 0.491
ICC Vs. Hult (Avg) 0.469  (Max) 0.754  (Quan) 0.491
SAA Vs. Hult  (Avg) 1.000  (Max) 1.000  (Quan) 1.000
Avg 894.619 894.809 885.744 885.744
Max 2362.028 2374.891 2377.937 2377.937
Qua 1631.705 1619.902 1607.753 1607.753
######################## Seed 7 ########################
JCC Vs. ICC  (Avg) 1.000  (Max) 1.000  (Quan) 1.000
JCC Vs. SAA  (Avg) 1.000  (Max) 1.000  (Quan) 1.000
JCC Vs. Hult  (Avg) 1.000  (Max) 1.000  (Quan) 1.000
ICC Vs. SAA  (Avg) 1.000  (Max) 1.000  (Quan) 1.000
ICC Vs. Hult (Avg) 1.000  (Max) 1.000  (Quan) 1.000
SAA Vs. Hult  (Avg) 1.000  (Max) 1.000  (Quan) 1.000
Avg 929.828 929.828 929.828 929.828
Max 2398.068 2398.068 2398.068 2398.068
Qua 1653.649 1653.649 1653.649 1653.649
######################## Seed 8 ########################
JCC Vs. ICC  (Avg) 1.000  (Max) 1.000  (Quan) 1.000
JCC Vs. SAA  (Avg) 0.572  (Max) 0.556  (Quan) 0.492
JCC Vs. Hult  (Avg) 0.477  (Max) 0.692  (Quan) 0.500
ICC Vs. SAA  (Avg) 0.572  (Max) 0.556  (Quan) 0.492
ICC Vs. Hult (Avg) 0.477  (Max) 0.692  (Quan) 0.500
SAA Vs. Hult  (Avg) 0.412  (Max) 0.421  (Quan) 0.469
Avg 897.170 897.170 931.368 889.024
Max 2326.136 2326.136 2401.421 2301.941
Qua 1655.516 1655.516 1656.975 1623.421
######################## Seed 9 ########################
JCC Vs. ICC  (Avg) 0.615  (Max) 0.600  (Quan) 0.642
JCC Vs. SAA  (Avg) 1.000  (Max) 1.000  (Quan) 1.000
JCC Vs. Hult  (Avg) 0.490  (Max) 0.451  (Quan) 0.539
ICC Vs. SAA  (Avg) 0.385  (Max) 0.402  (Quan) 0.358
ICC Vs. Hult (Avg) 0.035  (Max) 0.486  (Quan) 0.135
SAA Vs. Hult  (Avg) 0.490  (Max) 0.451  (Quan) 0.539
Avg 900.238 956.163 900.238 896.923
Max 2407.225 2546.152 2407.225 2345.340
Qua 1606.955 1740.944 1606.955 1640.629
######################## Seed 10 ########################
JCC Vs. ICC  (Avg) 0.446  (Max) 0.695  (Quan) 0.464
JCC Vs. SAA  (Avg) 1.000  (Max) 1.000  (Quan) 1.000
JCC Vs. Hult  (Avg) 0.446  (Max) 0.695  (Quan) 0.464
ICC Vs. SAA  (Avg) 0.555  (Max) 0.742  (Quan) 0.570
ICC Vs. Hult (Avg) 1.000  (Max) 1.000  (Quan) 1.000
SAA Vs. Hult  (Avg) 0.446  (Max) 0.695  (Quan) 0.464
Avg 933.104 915.927 933.104 915.927
Max 2416.840 2397.170 2416.840 2397.170
Qua 1673.187 1634.052 1673.187 1634.052
######################## Seed 11 ########################
JCC Vs. ICC  (Avg) 0.612  (Max) 0.552  (Quan) 0.646
JCC Vs. SAA  (Avg) 1.000  (Max) 1.000  (Quan) 1.000
JCC Vs. Hult  (Avg) 0.612  (Max) 0.552  (Quan) 0.646
ICC Vs. SAA  (Avg) 0.388  (Max) 0.448  (Quan) 0.354
ICC Vs. Hult (Avg) 1.000  (Max) 1.000  (Quan) 1.000
SAA Vs. Hult  (Avg) 0.612  (Max) 0.552  (Quan) 0.646
Avg 893.509 949.872 893.509 949.872
Max 2369.242 2436.223 2369.242 2436.223
Qua 1591.934 1741.134 1591.934 1741.134
######################## Seed 12 ########################
JCC Vs. ICC  (Avg) 0.498  (Max) 0.479  (Quan) 0.519
JCC Vs. SAA  (Avg) 1.000  (Max) 1.000  (Quan) 1.000
JCC Vs. Hult  (Avg) 0.498  (Max) 0.479  (Quan) 0.519
ICC Vs. SAA  (Avg) 0.502  (Max) 0.527  (Quan) 0.482
ICC Vs. Hult (Avg) 1.000  (Max) 1.000  (Quan) 1.000
SAA Vs. Hult  (Avg) 0.498  (Max) 0.479  (Quan) 0.519
Avg 893.764 893.613 893.764 893.613
Max 2371.213 2335.720 2371.213 2335.720
Qua 1617.392 1633.430 1617.392 1633.430
######################## Seed 13 ########################
JCC Vs. ICC  (Avg) 1.000  (Max) 1.000  (Quan) 1.000
JCC Vs. SAA  (Avg) 1.000  (Max) 1.000  (Quan) 1.000
JCC Vs. Hult  (Avg) 1.000  (Max) 1.000  (Quan) 1.000
ICC Vs. SAA  (Avg) 1.000  (Max) 1.000  (Quan) 1.000
ICC Vs. Hult (Avg) 1.000  (Max) 1.000  (Quan) 1.000
SAA Vs. Hult  (Avg) 1.000  (Max) 1.000  (Quan) 1.000
Avg 890.116 890.116 890.116 890.116
Max 2307.214 2307.214 2307.214 2307.214
Qua 1627.770 1627.770 1627.770 1627.770
######################## Seed 14 ########################
JCC Vs. ICC  (Avg) 0.467  (Max) 0.502  (Quan) 0.437
JCC Vs. SAA  (Avg) 0.472  (Max) 0.526  (Quan) 0.439
JCC Vs. Hult  (Avg) 0.467  (Max) 0.502  (Quan) 0.437
ICC Vs. SAA  (Avg) 0.515  (Max) 0.661  (Quan) 0.532
ICC Vs. Hult (Avg) 1.000  (Max) 1.000  (Quan) 1.000
SAA Vs. Hult  (Avg) 0.485  (Max) 0.611  (Quan) 0.498
Avg 896.890 878.884 883.484 878.884
Max 2329.484 2341.820 2370.684 2341.820
Qua 1656.215 1593.367 1602.008 1593.367
######################## Seed 15 ########################
JCC Vs. ICC  (Avg) 0.540  (Max) 0.714  (Quan) 0.566
JCC Vs. SAA  (Avg) 0.574  (Max) 0.545  (Quan) 0.530
JCC Vs. Hult  (Avg) 1.000  (Max) 1.000  (Quan) 1.000
ICC Vs. SAA  (Avg) 0.663  (Max) 0.679  (Quan) 0.654
ICC Vs. Hult (Avg) 0.460  (Max) 0.687  (Quan) 0.495
SAA Vs. Hult  (Avg) 0.426  (Max) 0.478  (Quan) 0.473
Avg 921.551 937.055 956.754 921.551
Max 2391.690 2408.405 2549.052 2391.690
Qua 1700.196 1743.248 1780.471 1700.196
######################## Seed 16 ########################
JCC Vs. ICC  (Avg) 0.525  (Max) 0.664  (Quan) 0.538
JCC Vs. SAA  (Avg) 0.537  (Max) 0.582  (Quan) 0.553
JCC Vs. Hult  (Avg) 0.873  (Max) 0.674  (Quan) 0.776
ICC Vs. SAA  (Avg) 0.524  (Max) 0.790  (Quan) 0.547
ICC Vs. Hult (Avg) 0.865  (Max) 0.643  (Quan) 0.752
SAA Vs. Hult  (Avg) 0.852  (Max) 0.623  (Quan) 0.719
Avg 893.642 900.426 907.363 1111.868
Max 2369.471 2412.471 2429.525 2581.775
Qua 1591.231 1610.414 1632.966 1833.636
######################## Seed 17 ########################
JCC Vs. ICC  (Avg) 0.504  (Max) 0.567  (Quan) 0.554
JCC Vs. SAA  (Avg) 0.488  (Max) 0.513  (Quan) 0.466
JCC Vs. Hult  (Avg) 0.504  (Max) 0.567  (Quan) 0.554
ICC Vs. SAA  (Avg) 0.483  (Max) 0.534  (Quan) 0.465
ICC Vs. Hult (Avg) 1.000  (Max) 1.000  (Quan) 1.000
SAA Vs. Hult  (Avg) 0.517  (Max) 0.466  (Quan) 0.535
Avg 897.005 898.434 890.508 898.434
Max 2379.057 2353.011 2397.701 2353.011
Qua 1637.634 1643.734 1612.769 1643.734
######################## Seed 18 ########################
JCC Vs. ICC  (Avg) 0.533  (Max) 0.581  (Quan) 0.576
JCC Vs. SAA  (Avg) 0.547  (Max) 0.544  (Quan) 0.577
JCC Vs. Hult  (Avg) 0.533  (Max) 0.581  (Quan) 0.576
ICC Vs. SAA  (Avg) 0.527  (Max) 0.547  (Quan) 0.543
ICC Vs. Hult (Avg) 1.000  (Max) 1.000  (Quan) 1.000
SAA Vs. Hult  (Avg) 0.472  (Max) 0.453  (Quan) 0.457
Avg 891.541 903.172 917.369 903.172
Max 2405.953 2398.217 2473.768 2398.217
Qua 1616.900 1648.744 1699.042 1648.744
######################## Seed 19 ########################
JCC Vs. ICC  (Avg) 0.508  (Max) 0.500  (Quan) 0.469
JCC Vs. SAA  (Avg) 0.527  (Max) 0.565  (Quan) 0.521
JCC Vs. Hult  (Avg) 0.508  (Max) 0.500  (Quan) 0.469
ICC Vs. SAA  (Avg) 0.518  (Max) 0.515  (Quan) 0.515
ICC Vs. Hult (Avg) 1.000  (Max) 1.000  (Quan) 1.000
SAA Vs. Hult  (Avg) 0.482  (Max) 0.485  (Quan) 0.485
Avg 889.011 893.681 902.042 893.681
Max 2302.612 2372.231 2392.945 2372.231
Qua 1622.902 1633.532 1645.685 1633.532
######################## Seed 20 ########################
JCC Vs. ICC  (Avg) 0.814  (Max) 0.765  (Quan) 0.735
JCC Vs. SAA  (Avg) 0.399  (Max) 0.438  (Quan) 0.384
JCC Vs. Hult  (Avg) 0.721  (Max) 0.800  (Quan) 0.667
ICC Vs. SAA  (Avg) 0.314  (Max) 0.340  (Quan) 0.315
ICC Vs. Hult (Avg) 0.219  (Max) 0.621  (Quan) 0.338
SAA Vs. Hult  (Avg) 0.641  (Max) 0.603  (Quan) 0.646
Avg 938.993 991.503 886.835 960.922
Max 2415.967 2562.076 2336.774 2473.326
Qua 1717.552 1805.815 1601.531 1754.537
######################## Seed 21 ########################
JCC Vs. ICC  (Avg) 0.480  (Max) 0.614  (Quan) 0.493
JCC Vs. SAA  (Avg) 0.527  (Max) 0.736  (Quan) 0.547
JCC Vs. Hult  (Avg) 0.511  (Max) 0.480  (Quan) 0.500
ICC Vs. SAA  (Avg) 0.532  (Max) 0.541  (Quan) 0.531
ICC Vs. Hult (Avg) 0.527  (Max) 0.725  (Quan) 0.540
SAA Vs. Hult  (Avg) 0.479  (Max) 0.600  (Quan) 0.489
Avg 884.856 879.153 893.636 887.654
Max 2375.186 2341.783 2369.077 2333.108
Qua 1605.068 1592.206 1616.478 1601.635
######################## Seed 22 ########################
JCC Vs. ICC  (Avg) 0.583  (Max) 0.573  (Quan) 0.527
JCC Vs. SAA  (Avg) 1.000  (Max) 1.000  (Quan) 1.000
JCC Vs. Hult  (Avg) 0.547  (Max) 0.562  (Quan) 0.496
ICC Vs. SAA  (Avg) 0.417  (Max) 0.430  (Quan) 0.474
ICC Vs. Hult (Avg) 0.444  (Max) 0.707  (Quan) 0.467
SAA Vs. Hult  (Avg) 0.547  (Max) 0.562  (Quan) 0.496
Avg 890.460 928.249 890.460 912.215
Max 2308.499 2393.819 2308.499 2386.293
Qua 1626.579 1651.523 1626.579 1626.895
######################## Seed 23 ########################
JCC Vs. ICC  (Avg) 0.450  (Max) 0.729  (Quan) 0.472
JCC Vs. SAA  (Avg) 1.000  (Max) 1.000  (Quan) 1.000
JCC Vs. Hult  (Avg) 0.450  (Max) 0.729  (Quan) 0.472
ICC Vs. SAA  (Avg) 0.550  (Max) 0.756  (Quan) 0.560
ICC Vs. Hult (Avg) 1.000  (Max) 1.000  (Quan) 1.000
SAA Vs. Hult  (Avg) 0.450  (Max) 0.729  (Quan) 0.472
Avg 932.297 917.727 932.297 917.727
Max 2425.967 2419.014 2425.967 2419.014
Qua 1661.931 1638.946 1661.931 1638.946
######################## Seed 24 ########################
JCC Vs. ICC  (Avg) 0.773  (Max) 0.583  (Quan) 0.640
JCC Vs. SAA  (Avg) 0.514  (Max) 0.703  (Quan) 0.537
JCC Vs. Hult  (Avg) 0.773  (Max) 0.583  (Quan) 0.640
ICC Vs. SAA  (Avg) 0.231  (Max) 0.441  (Quan) 0.370
ICC Vs. Hult (Avg) 1.000  (Max) 1.000  (Quan) 1.000
SAA Vs. Hult  (Avg) 0.769  (Max) 0.559  (Quan) 0.630
Avg 932.458 1079.244 936.817 1079.244
Max 2415.316 2514.904 2439.460 2514.904
Qua 1673.114 1795.666 1680.077 1795.666
######################## Seed 25 ########################
JCC Vs. ICC  (Avg) 0.557  (Max) 0.533  (Quan) 0.499
JCC Vs. SAA  (Avg) 0.496  (Max) 0.515  (Quan) 0.471
JCC Vs. Hult  (Avg) 0.589  (Max) 0.560  (Quan) 0.541
ICC Vs. SAA  (Avg) 0.434  (Max) 0.477  (Quan) 0.466
ICC Vs. Hult (Avg) 0.557  (Max) 0.743  (Quan) 0.570
SAA Vs. Hult  (Avg) 0.604  (Max) 0.544  (Quan) 0.582
Avg 887.278 915.415 884.584 933.885
Max 2349.177 2392.953 2371.947 2422.486
Qua 1627.985 1632.681 1602.992 1677.875
######################## Seed 26 ########################
JCC Vs. ICC  (Avg) 0.567  (Max) 0.551  (Quan) 0.576
JCC Vs. SAA  (Avg) 0.483  (Max) 0.505  (Quan) 0.439
JCC Vs. Hult  (Avg) 0.567  (Max) 0.551  (Quan) 0.576
ICC Vs. SAA  (Avg) 0.415  (Max) 0.457  (Quan) 0.369
ICC Vs. Hult (Avg) 1.000  (Max) 1.000  (Quan) 1.000
SAA Vs. Hult  (Avg) 0.585  (Max) 0.543  (Quan) 0.631
Avg 894.790 929.212 885.221 929.212
Max 2371.770 2424.741 2375.900 2424.741
Qua 1635.266 1707.689 1580.589 1707.689
######################## Seed 27 ########################
JCC Vs. ICC  (Avg) 0.495  (Max) 0.456  (Quan) 0.519
JCC Vs. SAA  (Avg) 1.000  (Max) 1.000  (Quan) 1.000
JCC Vs. Hult  (Avg) 0.509  (Max) 0.454  (Quan) 0.524
ICC Vs. SAA  (Avg) 0.505  (Max) 0.544  (Quan) 0.481
ICC Vs. Hult (Avg) 0.527  (Max) 0.734  (Quan) 0.544
SAA Vs. Hult  (Avg) 0.509  (Max) 0.454  (Quan) 0.524
Avg 891.507 887.639 891.507 894.830
Max 2400.683 2343.874 2400.683 2340.857
Qua 1612.892 1627.369 1612.892 1636.830
######################## Seed 28 ########################
JCC Vs. ICC  (Avg) 0.421  (Max) 0.426  (Quan) 0.432
JCC Vs. SAA  (Avg) 1.000  (Max) 1.000  (Quan) 1.000
JCC Vs. Hult  (Avg) 0.421  (Max) 0.426  (Quan) 0.432
ICC Vs. SAA  (Avg) 0.579  (Max) 0.574  (Quan) 0.568
ICC Vs. Hult (Avg) 1.000  (Max) 1.000  (Quan) 1.000
SAA Vs. Hult  (Avg) 0.421  (Max) 0.426  (Quan) 0.432
Avg 947.314 902.579 947.314 902.579
Max 2464.810 2360.713 2464.810 2360.713
Qua 1744.524 1667.020 1744.524 1667.020
######################## Seed 29 ########################
JCC Vs. ICC  (Avg) 0.651  (Max) 0.599  (Quan) 0.565
JCC Vs. SAA  (Avg) 0.382  (Max) 0.448  (Quan) 0.377
JCC Vs. Hult  (Avg) 0.625  (Max) 0.591  (Quan) 0.538
ICC Vs. SAA  (Avg) 0.240  (Max) 0.349  (Quan) 0.305
ICC Vs. Hult (Avg) 0.449  (Max) 0.684  (Quan) 0.477
SAA Vs. Hult  (Avg) 0.738  (Max) 0.648  (Quan) 0.673
Avg 939.655 1020.567 880.013 1002.420
Max 2415.623 2548.690 2348.488 2536.924
Qua 1719.363 1794.154 1596.176 1764.253
######################## Seed 30 ########################
JCC Vs. ICC  (Avg) 0.576  (Max) 0.538  (Quan) 0.595
JCC Vs. SAA  (Avg) 1.000  (Max) 1.000  (Quan) 1.000
JCC Vs. Hult  (Avg) 0.576  (Max) 0.538  (Quan) 0.595
ICC Vs. SAA  (Avg) 0.424  (Max) 0.462  (Quan) 0.406
ICC Vs. Hult (Avg) 1.000  (Max) 1.000  (Quan) 1.000
SAA Vs. Hult  (Avg) 0.576  (Max) 0.538  (Quan) 0.595
Avg 893.803 932.776 893.803 932.776
Max 2369.301 2412.568 2369.301 2412.568
Qua 1589.589 1673.245 1589.589 1673.245
######################## Seed 31 ########################
JCC Vs. ICC  (Avg) 0.402  (Max) 0.415  (Quan) 0.406
JCC Vs. SAA  (Avg) 0.443  (Max) 0.469  (Quan) 0.403
JCC Vs. Hult  (Avg) 0.372  (Max) 0.402  (Quan) 0.388
ICC Vs. SAA  (Avg) 0.557  (Max) 0.561  (Quan) 0.503
ICC Vs. Hult (Avg) 0.473  (Max) 0.493  (Quan) 0.483
SAA Vs. Hult  (Avg) 0.410  (Max) 0.420  (Quan) 0.473
Avg 946.341 894.439 920.190 880.990
Max 2451.060 2339.973 2417.686 2316.449
Qua 1731.543 1635.350 1641.188 1616.183
######################## Seed 32 ########################
JCC Vs. ICC  (Avg) 1.000  (Max) 1.000  (Quan) 1.000
JCC Vs. SAA  (Avg) 1.000  (Max) 1.000  (Quan) 1.000
JCC Vs. Hult  (Avg) 0.592  (Max) 0.541  (Quan) 0.633
ICC Vs. SAA  (Avg) 1.000  (Max) 1.000  (Quan) 1.000
ICC Vs. Hult (Avg) 0.592  (Max) 0.541  (Quan) 0.633
SAA Vs. Hult  (Avg) 0.592  (Max) 0.541  (Quan) 0.633
Avg 893.839 893.839 893.839 941.238
Max 2368.996 2368.996 2368.996 2418.780
Qua 1591.925 1591.925 1591.925 1721.078
######################## Seed 33 ########################
JCC Vs. ICC  (Avg) 0.561  (Max) 0.554  (Quan) 0.598
JCC Vs. SAA  (Avg) 1.000  (Max) 1.000  (Quan) 1.000
JCC Vs. Hult  (Avg) 0.648  (Max) 0.605  (Quan) 0.657
ICC Vs. SAA  (Avg) 0.439  (Max) 0.446  (Quan) 0.402
ICC Vs. Hult (Avg) 0.945  (Max) 0.999  (Quan) 0.859
SAA Vs. Hult  (Avg) 0.648  (Max) 0.605  (Quan) 0.657
Avg 893.783 922.891 893.783 970.552
Max 2371.668 2440.487 2371.668 2511.607
Qua 1591.224 1685.452 1591.224 1751.293
######################## Seed 34 ########################
JCC Vs. ICC  (Avg) 1.000  (Max) 1.000  (Quan) 1.000
JCC Vs. SAA  (Avg) 1.000  (Max) 1.000  (Quan) 1.000
JCC Vs. Hult  (Avg) 1.000  (Max) 1.000  (Quan) 1.000
ICC Vs. SAA  (Avg) 1.000  (Max) 1.000  (Quan) 1.000
ICC Vs. Hult (Avg) 1.000  (Max) 1.000  (Quan) 1.000
SAA Vs. Hult  (Avg) 1.000  (Max) 1.000  (Quan) 1.000
Avg 883.962 883.962 883.962 883.962
Max 2320.122 2320.122 2320.122 2320.122
Qua 1622.446 1622.446 1622.446 1622.446
######################## Seed 35 ########################
JCC Vs. ICC  (Avg) 0.499  (Max) 0.524  (Quan) 0.452
JCC Vs. SAA  (Avg) 0.504  (Max) 0.481  (Quan) 0.445
JCC Vs. Hult  (Avg) 0.478  (Max) 0.491  (Quan) 0.429
ICC Vs. SAA  (Avg) 0.507  (Max) 0.480  (Quan) 0.499
ICC Vs. Hult (Avg) 0.415  (Max) 0.592  (Quan) 0.464
SAA Vs. Hult  (Avg) 0.477  (Max) 0.539  (Quan) 0.481
Avg 930.487 929.175 930.689 920.109
Max 2421.450 2460.907 2401.676 2418.989
Qua 1706.284 1660.844 1655.759 1641.925
######################## Seed 36 ########################
JCC Vs. ICC  (Avg) 0.519  (Max) 0.531  (Quan) 0.465
JCC Vs. SAA  (Avg) 0.708  (Max) 0.582  (Quan) 0.601
JCC Vs. Hult  (Avg) 0.504  (Max) 0.533  (Quan) 0.452
ICC Vs. SAA  (Avg) 0.690  (Max) 0.553  (Quan) 0.642
ICC Vs. Hult (Avg) 0.474  (Max) 0.774  (Quan) 0.503
SAA Vs. Hult  (Avg) 0.284  (Max) 0.456  (Quan) 0.353
Avg 886.711 894.365 988.355 886.691
Max 2344.335 2374.699 2462.304 2382.084
Qua 1626.257 1593.032 1727.414 1584.842
######################## Seed 37 ########################
JCC Vs. ICC  (Avg) 0.535  (Max) 0.491  (Quan) 0.566
JCC Vs. SAA  (Avg) 1.000  (Max) 1.000  (Quan) 1.000
JCC Vs. Hult  (Avg) 0.508  (Max) 0.471  (Quan) 0.521
ICC Vs. SAA  (Avg) 0.465  (Max) 0.509  (Quan) 0.434
ICC Vs. Hult (Avg) 0.454  (Max) 0.711  (Quan) 0.488
SAA Vs. Hult  (Avg) 0.508  (Max) 0.471  (Quan) 0.521
Avg 885.101 902.405 885.101 886.673
Max 2379.184 2360.808 2379.184 2343.350
Qua 1605.403 1667.052 1605.403 1626.313
######################## Seed 38 ########################
JCC Vs. ICC  (Avg) 0.756  (Max) 0.668  (Quan) 0.698
JCC Vs. SAA  (Avg) 0.473  (Max) 0.739  (Quan) 0.499
JCC Vs. Hult  (Avg) 0.756  (Max) 0.668  (Quan) 0.698
ICC Vs. SAA  (Avg) 0.230  (Max) 0.342  (Quan) 0.294
ICC Vs. Hult (Avg) 1.000  (Max) 1.000  (Quan) 1.000
SAA Vs. Hult  (Avg) 0.770  (Max) 0.658  (Quan) 0.706
Avg 885.833 1020.631 877.122 1020.631
Max 2332.818 2547.924 2337.588 2547.924
Qua 1600.558 1794.178 1588.675 1794.178
######################## Seed 39 ########################
JCC Vs. ICC  (Avg) 0.198  (Max) 0.387  (Quan) 0.335
JCC Vs. SAA  (Avg) 0.299  (Max) 0.434  (Quan) 0.509
JCC Vs. Hult  (Avg) 0.198  (Max) 0.387  (Quan) 0.335
ICC Vs. SAA  (Avg) 0.605  (Max) 0.537  (Quan) 0.632
ICC Vs. Hult (Avg) 1.000  (Max) 1.000  (Quan) 1.000
SAA Vs. Hult  (Avg) 0.395  (Max) 0.463  (Quan) 0.367
Avg 1046.117 884.180 937.229 884.180
Max 2514.755 2376.036 2408.501 2376.036
Qua 1751.115 1604.107 1743.925 1604.107
######################## Seed 40 ########################
JCC Vs. ICC  (Avg) 0.546  (Max) 0.735  (Quan) 0.571
JCC Vs. SAA  (Avg) 0.593  (Max) 0.621  (Quan) 0.573
JCC Vs. Hult  (Avg) 0.593  (Max) 0.621  (Quan) 0.573
ICC Vs. SAA  (Avg) 0.486  (Max) 0.468  (Quan) 0.432
ICC Vs. Hult (Avg) 0.486  (Max) 0.468  (Quan) 0.432
SAA Vs. Hult  (Avg) 1.000  (Max) 1.000  (Quan) 1.000
Avg 881.493 897.067 891.824 891.824
Max 2314.089 2332.095 2367.369 2367.369
Qua 1616.041 1657.784 1630.607 1630.607
######################## Seed 41 ########################
JCC Vs. ICC  (Avg) 0.603  (Max) 0.543  (Quan) 0.600
JCC Vs. SAA  (Avg) 0.538  (Max) 0.551  (Quan) 0.535
JCC Vs. Hult  (Avg) 0.603  (Max) 0.543  (Quan) 0.600
ICC Vs. SAA  (Avg) 0.427  (Max) 0.479  (Quan) 0.435
ICC Vs. Hult (Avg) 1.000  (Max) 1.000  (Quan) 1.000
SAA Vs. Hult  (Avg) 0.573  (Max) 0.525  (Quan) 0.566
Avg 886.086 934.263 901.948 934.263
Max 2378.336 2430.819 2412.230 2430.819
Qua 1581.412 1666.849 1611.022 1666.849
######################## Seed 42 ########################
JCC Vs. ICC  (Avg) 0.421  (Max) 0.444  (Quan) 0.475
JCC Vs. SAA  (Avg) 0.514  (Max) 0.538  (Quan) 0.556
JCC Vs. Hult  (Avg) 0.421  (Max) 0.444  (Quan) 0.475
ICC Vs. SAA  (Avg) 0.594  (Max) 0.594  (Quan) 0.580
ICC Vs. Hult (Avg) 1.000  (Max) 1.000  (Quan) 1.000
SAA Vs. Hult  (Avg) 0.406  (Max) 0.406  (Quan) 0.420
Avg 936.346 896.854 942.585 896.854
Max 2423.858 2344.760 2479.932 2344.760
Qua 1666.588 1639.357 1723.005 1639.357
######################## Seed 43 ########################
JCC Vs. ICC  (Avg) 1.000  (Max) 1.000  (Quan) 1.000
JCC Vs. SAA  (Avg) 0.488  (Max) 0.535  (Quan) 0.436
JCC Vs. Hult  (Avg) 1.000  (Max) 1.000  (Quan) 1.000
ICC Vs. SAA  (Avg) 0.488  (Max) 0.535  (Quan) 0.436
ICC Vs. Hult (Avg) 1.000  (Max) 1.000  (Quan) 1.000
SAA Vs. Hult  (Avg) 0.512  (Max) 0.465  (Quan) 0.564
Avg 927.509 927.509 922.132 927.509
Max 2376.030 2376.030 2424.276 2376.030
Qua 1702.703 1702.703 1644.726 1702.703
######################## Seed 44 ########################
JCC Vs. ICC  (Avg) 0.615  (Max) 0.561  (Quan) 0.614
JCC Vs. SAA  (Avg) 0.464  (Max) 0.462  (Quan) 0.479
JCC Vs. Hult  (Avg) 0.545  (Max) 0.515  (Quan) 0.498
ICC Vs. SAA  (Avg) 0.357  (Max) 0.403  (Quan) 0.372
ICC Vs. Hult (Avg) 0.421  (Max) 0.459  (Quan) 0.379
SAA Vs. Hult  (Avg) 0.575  (Max) 0.561  (Quan) 0.517
Avg 895.549 954.016 880.566 916.270
Max 2366.009 2442.345 2313.428 2395.737
Qua 1632.813 1748.886 1614.381 1634.243
######################## Seed 45 ########################
JCC Vs. ICC  (Avg) 0.502  (Max) 0.485  (Quan) 0.473
JCC Vs. SAA  (Avg) 0.739  (Max) 0.814  (Quan) 0.715
JCC Vs. Hult  (Avg) 0.494  (Max) 0.495  (Quan) 0.469
ICC Vs. SAA  (Avg) 0.549  (Max) 0.574  (Quan) 0.569
ICC Vs. Hult (Avg) 0.476  (Max) 0.776  (Quan) 0.501
SAA Vs. Hult  (Avg) 0.440  (Max) 0.436  (Quan) 0.424
Avg 889.144 893.433 915.435 886.508
Max 2393.567 2372.429 2477.552 2382.373
Qua 1609.511 1591.373 1658.357 1584.462
######################## Seed 46 ########################
JCC Vs. ICC  (Avg) 0.633  (Max) 0.613  (Quan) 0.597
JCC Vs. SAA  (Avg) 1.000  (Max) 1.000  (Quan) 1.000
JCC Vs. Hult  (Avg) 0.579  (Max) 0.568  (Quan) 0.547
ICC Vs. SAA  (Avg) 0.367  (Max) 0.387  (Quan) 0.403
ICC Vs. Hult (Avg) 0.215  (Max) 0.683  (Quan) 0.279
SAA Vs. Hult  (Avg) 0.579  (Max) 0.568  (Quan) 0.547
Avg 893.452 957.382 893.452 929.675
Max 2371.369 2529.597 2371.369 2458.132
Qua 1617.700 1709.683 1617.700 1660.455
######################## Seed 47 ########################
JCC Vs. ICC  (Avg) 0.537  (Max) 0.562  (Quan) 0.508
JCC Vs. SAA  (Avg) 0.537  (Max) 0.562  (Quan) 0.508
JCC Vs. Hult  (Avg) 0.537  (Max) 0.562  (Quan) 0.508
ICC Vs. SAA  (Avg) 1.000  (Max) 1.000  (Quan) 1.000
ICC Vs. Hult (Avg) 1.000  (Max) 1.000  (Quan) 1.000
SAA Vs. Hult  (Avg) 1.000  (Max) 1.000  (Quan) 1.000
Avg 877.668 894.792 894.792 894.792
Max 2340.070 2425.749 2425.749 2425.749
Qua 1589.172 1596.799 1596.799 1596.799
######################## Seed 48 ########################
JCC Vs. ICC  (Avg) 0.811  (Max) 0.920  (Quan) 0.739
JCC Vs. SAA  (Avg) 1.000  (Max) 1.000  (Quan) 1.000
JCC Vs. Hult  (Avg) 0.811  (Max) 0.920  (Quan) 0.739
ICC Vs. SAA  (Avg) 0.189  (Max) 0.619  (Quan) 0.311
ICC Vs. Hult (Avg) 1.000  (Max) 1.000  (Quan) 1.000
SAA Vs. Hult  (Avg) 0.811  (Max) 0.920  (Quan) 0.739
Avg 887.736 919.744 887.736 919.744
Max 2348.327 2452.627 2348.327 2452.627
Qua 1630.145 1684.480 1630.145 1684.480
######################## Seed 49 ########################
JCC Vs. ICC  (Avg) 0.570  (Max) 0.509  (Quan) 0.615
JCC Vs. SAA  (Avg) 0.494  (Max) 0.454  (Quan) 0.543
JCC Vs. Hult  (Avg) 0.600  (Max) 0.559  (Quan) 0.609
ICC Vs. SAA  (Avg) 0.425  (Max) 0.443  (Quan) 0.425
ICC Vs. Hult (Avg) 0.529  (Max) 0.551  (Quan) 0.478
SAA Vs. Hult  (Avg) 0.605  (Max) 0.611  (Quan) 0.560
Avg 892.563 927.230 889.079 941.643
Max 2371.195 2374.581 2304.223 2448.278
Qua 1589.924 1702.189 1623.537 1688.163
######################## Overall Performance ########################
&0.613	  &0.680	  &0.605	 &0.530	  &0.751	  &0.605
&0.636	  &0.709	  &0.616	 &0.582	  &0.842	  &0.608
&0.612	  &0.678	  &0.600	 &0.532	  &0.759	  &0.604
Avg 905.179 921.726 906.902 923.494
Max 2378.994 2405.914 2392.461 2403.781
Qua 1637.394 1667.902 1639.468 1666.313
